e:\documents\visual studio 2013\projects\scicompanion\scicompanion\deadcodeanalysis\scicompanion.pch
e:\documents\visual studio 2013\projects\scicompanion\scicompanion\deadcodeanalysis\vc120.pdb
e:\documents\visual studio 2013\projects\scicompanion\scicompanion\deadcodeanalysis\vc120.idb
e:\documents\visual studio 2013\projects\scicompanion\scicompanion\deadcodeanalysis\stdafx.obj
e:\documents\visual studio 2013\projects\scicompanion\scicompanion\deadcodeanalysis\scicompanion.pchast
e:\documents\visual studio 2013\projects\scicompanion\scicompanion\deadcodeanalysis\stdafx.nativecodeanalysis.xml
e:\documents\visual studio 2013\projects\scicompanion\scicompanion\deadcodeanalysis\scicompanion.obj
e:\documents\visual studio 2013\projects\scicompanion\scicompanion\deadcodeanalysis\scicompanion.nativecodeanalysis.xml
e:\documents\visual studio 2013\projects\scicompanion\deadcodeanalysis\scicompanion.chm
e:\documents\visual studio 2013\projects\scicompanion\deadcodeanalysis\scicompanion.ilk
e:\documents\visual studio 2013\projects\scicompanion\deadcodeanalysis\scicompanion.exe
e:\documents\visual studio 2013\projects\scicompanion\deadcodeanalysis\scicompanion.pdb
e:\documents\visual studio 2013\projects\scicompanion\scicompanion\deadcodeanalysis\scicompanion.res
e:\documents\visual studio 2013\projects\scicompanion\deadcodeanalysis\scicompanion.lib
e:\documents\visual studio 2013\projects\scicompanion\deadcodeanalysis\scicompanion.exp
e:\documents\visual studio 2013\projects\scicompanion\scicompanion\deadcodeanalysis\scicompanion.vcxprojresolveassemblyreference.cache
e:\documents\visual studio 2013\projects\scicompanion\scicompanion\deadcodeanalysis\nativecodeanalysis.read.1.tlog
e:\documents\visual studio 2013\projects\scicompanion\scicompanion\deadcodeanalysis\vc.nativecodeanalysis.all.xml
e:\documents\visual studio 2013\projects\scicompanion\deadcodeanalysis\scicompanion.exe.lastcodeanalysissucceeded
e:\documents\visual studio 2013\projects\scicompanion\scicompanion\deadcodeanalysis\scicompanion.tlog\cl.command.1.tlog
e:\documents\visual studio 2013\projects\scicompanion\scicompanion\deadcodeanalysis\scicompanion.tlog\cl.read.1.tlog
e:\documents\visual studio 2013\projects\scicompanion\scicompanion\deadcodeanalysis\scicompanion.tlog\cl.read.5.tlog
e:\documents\visual studio 2013\projects\scicompanion\scicompanion\deadcodeanalysis\scicompanion.tlog\cl.write.1.tlog
e:\documents\visual studio 2013\projects\scicompanion\scicompanion\deadcodeanalysis\scicompanion.tlog\custombuild.command.1.tlog
e:\documents\visual studio 2013\projects\scicompanion\scicompanion\deadcodeanalysis\scicompanion.tlog\custombuild.read.1.tlog
e:\documents\visual studio 2013\projects\scicompanion\scicompanion\deadcodeanalysis\scicompanion.tlog\custombuild.write.1.tlog
e:\documents\visual studio 2013\projects\scicompanion\scicompanion\deadcodeanalysis\scicompanion.tlog\link.command.1.tlog
e:\documents\visual studio 2013\projects\scicompanion\scicompanion\deadcodeanalysis\scicompanion.tlog\link.read.1.tlog
e:\documents\visual studio 2013\projects\scicompanion\scicompanion\deadcodeanalysis\scicompanion.tlog\link.write.1.tlog
e:\documents\visual studio 2013\projects\scicompanion\scicompanion\deadcodeanalysis\scicompanion.tlog\rc.command.1.tlog
e:\documents\visual studio 2013\projects\scicompanion\scicompanion\deadcodeanalysis\scicompanion.tlog\rc.read.1.tlog
e:\documents\visual studio 2013\projects\scicompanion\scicompanion\deadcodeanalysis\scicompanion.tlog\rc.write.1.tlog
e:\documents\visual studio 2013\projects\scicompanion\scicompanion\deadcodeanalysis\scicompanion.tlog\scicompanion.write.1u.tlog
