e:\documents\visual studio 2013\projects\scicompanion\scicompanion\debug\scicompanion.pch
e:\documents\visual studio 2013\projects\scicompanion\scicompanion\debug\vc120.pdb
e:\documents\visual studio 2013\projects\scicompanion\scicompanion\debug\vc120.idb
e:\documents\visual studio 2013\projects\scicompanion\scicompanion\debug\stdafx.obj
e:\documents\visual studio 2013\projects\scicompanion\scicompanion\debug\scicompanion.obj
e:\documents\visual studio 2013\projects\scicompanion\debug\scicompanion.ilk
e:\documents\visual studio 2013\projects\scicompanion\debug\scicompanion.exe
e:\documents\visual studio 2013\projects\scicompanion\debug\scicompanion.pdb
e:\documents\visual studio 2013\projects\scicompanion\scicompanion\debug\scicompanion.res
e:\documents\visual studio 2013\projects\scicompanion\scicompanion\debug\scicompanion.exe.embed.manifest.res
e:\documents\visual studio 2013\projects\scicompanion\debug\scicompanion.lib
e:\documents\visual studio 2013\projects\scicompanion\debug\scicompanion.exp
e:\documents\visual studio 2013\projects\scicompanion\scicompanion\debug\scicompanion.exe.embed.manifest
e:\documents\visual studio 2013\projects\scicompanion\scicompanion\debug\scicompanion_manifest.rc
e:\documents\visual studio 2013\projects\scicompanion\scicompanion\debug\scicompanion.tlog\cl.command.1.tlog
e:\documents\visual studio 2013\projects\scicompanion\scicompanion\debug\scicompanion.tlog\cl.read.1.tlog
e:\documents\visual studio 2013\projects\scicompanion\scicompanion\debug\scicompanion.tlog\cl.write.1.tlog
e:\documents\visual studio 2013\projects\scicompanion\scicompanion\debug\scicompanion.tlog\link.command.1.tlog
e:\documents\visual studio 2013\projects\scicompanion\scicompanion\debug\scicompanion.tlog\link.read.1.tlog
e:\documents\visual studio 2013\projects\scicompanion\scicompanion\debug\scicompanion.tlog\link.write.1.tlog
e:\documents\visual studio 2013\projects\scicompanion\scicompanion\debug\scicompanion.tlog\rc.command.1.tlog
e:\documents\visual studio 2013\projects\scicompanion\scicompanion\debug\scicompanion.tlog\rc.read.1.tlog
e:\documents\visual studio 2013\projects\scicompanion\scicompanion\debug\scicompanion.tlog\rc.write.1.tlog
e:\documents\visual studio 2013\projects\scicompanion\scicompanion\debug\scicompanion.tlog\scicompanion.write.1u.tlog
