Build started 4/24/2015 11:41:19 PM.
     1>Project "E:\Documents\Visual Studio 2013\Projects\SCICompanion\SCICompanion\SCICompanion.vcxproj" on node 2 (Build target(s)).
     1>ClCompile:
         F:\VisualStudio\VC\bin\CL.exe /c /I"E:\Documents\Visual Studio 2013\Projects\SCICompanion\SCICompanionLib\\" /I"E:\Documents\Visual Studio 2013\Projects\SCICompanion\Prof-UIS.2.92\Include" /I"E:\Documents\Visual Studio 2013\Projects\SCICompanion\SCICompanionLib\Src\Util" /I"E:\Documents\Visual Studio 2013\Projects\SCICompanion\SCICompanionLib\Src\Resources" /I"E:\Documents\Visual Studio 2013\Projects\SCICompanion\SCICompanionLib\Src\MFCViews" /I"E:\Documents\Visual Studio 2013\Projects\SCICompanion\SCICompanionLib\Src\MFCFrames" /I"E:\Documents\Visual Studio 2013\Projects\SCICompanion\SCICompanionLib\Src\MFCDocuments" /I"E:\Documents\Visual Studio 2013\Projects\SCICompanion\SCICompanionLib\Src\FrameComponents" /I"E:\Documents\Visual Studio 2013\Projects\SCICompanion\SCICompanionLib\Src\Dialogs" /I"E:\Documents\Visual Studio 2013\Projects\SCICompanion\SCICompanionLib\Src\CrystalEdit" /I"E:\Documents\Visual Studio 2013\Projects\SCICompanion\SCICompanionLib\Src\CRC32" /I"E:\Documents\Visual Studio 2013\Projects\SCICompanion\SCICompanionLib\Src\CppFormat" /I"E:\Documents\Visual Studio 2013\Projects\SCICompanion\SCICompanionLib\Src\Compile" /ZI /nologo /W3 /WX- /sdl /Od /Oy- /D WIN32 /D _WINDOWS /D _DEBUG /D _MBCS /Gm /EHsc /RTC1 /MTd /GS /fp:precise /Zc:wchar_t /Zc:forScope /Yu"stdafx.h" /Fp"Debug\SCICompanion.pch" /Fo"Debug\\" /Fd"Debug\vc120.pdb" /Gd /TP /analyze- /errorReport:prompt SCICompanion.cpp
         SCICompanion.cpp
       Link:
         F:\VisualStudio\VC\bin\link.exe /ERRORREPORT:PROMPT /OUT:"E:\Documents\Visual Studio 2013\Projects\SCICompanion\Debug\SCICompanion.exe" /INCREMENTAL /NOLOGO /LIBPATH:"E:\Documents\Visual Studio 2013\Projects\SCICompanion\Prof-UIS.2.92\Bin_1000\\" /MANIFEST /MANIFESTUAC:"level='asInvoker' uiAccess='false'" /manifest:embed /manifestinput:res\SCICompanion.manifest /manifestinput:F:\VisualStudio\VC\Include\Manifest\dpiaware.manifest /DEBUG /PDB:"E:\Documents\Visual Studio 2013\Projects\SCICompanion\Debug\SCICompanion.pdb" /SUBSYSTEM:WINDOWS /TLBID:1 /DYNAMICBASE /NXCOMPAT /IMPLIB:"E:\Documents\Visual Studio 2013\Projects\SCICompanion\Debug\SCICompanion.lib" /MACHINE:X86 Debug\SCICompanion.res
         Debug\SCICompanion.obj
         Debug\stdafx.obj
         "E:\Documents\Visual Studio 2013\Projects\SCICompanion\Prof-UIS.2.92\Bin_1000\ProfUIS292smd.lib"
         "E:\Documents\Visual Studio 2013\Projects\SCICompanion\Debug\SCICompanionLib.lib"
            Creating library E:\Documents\Visual Studio 2013\Projects\SCICompanion\Debug\SCICompanion.lib and object E:\Documents\Visual Studio 2013\Projects\SCICompanion\Debug\SCICompanion.exp
         SCICompanion.vcxproj -> E:\Documents\Visual Studio 2013\Projects\SCICompanion\Debug\SCICompanion.exe
       PostBuildEvent:
         xcopy /S /Y /I /D "E:\Documents\Visual Studio 2013\Projects\SCICompanion\SCICompanion\Files\TemplateGame" "E:\Documents\Visual Studio 2013\Projects\SCICompanion\Debug\TemplateGame"
         
         xcopy /S /Y /I /D "E:\Documents\Visual Studio 2013\Projects\SCICompanion\SCICompanion\Files\CompileInclude" "E:\Documents\Visual Studio 2013\Projects\SCICompanion\Debug\include"
         xcopy /S /Y /I /D "E:\Documents\Visual Studio 2013\Projects\SCICompanion\SCICompanion\Help" "E:\Documents\Visual Studio 2013\Projects\SCICompanion\Debug\Help"
         
         xcopy /S /Y /I /D "E:\Documents\Visual Studio 2013\Projects\SCICompanion\SCICompanion\Files\Samples" "E:\Documents\Visual Studio 2013\Projects\SCICompanion\Debug\Samples"
         
         :VCEnd
         0 File(s) copied
         0 File(s) copied
         0 File(s) copied
         0 File(s) copied
     1>Done Building Project "E:\Documents\Visual Studio 2013\Projects\SCICompanion\SCICompanion\SCICompanion.vcxproj" (Build target(s)).

Build succeeded.

Time Elapsed 00:00:06.69
