e:\documents\visual studio 2013\projects\scicompanion\scicompanionlib\deadcodeanalysis\scicompanionlib.pch
e:\documents\visual studio 2013\projects\scicompanion\scicompanionlib\deadcodeanalysis\vc120.pdb
e:\documents\visual studio 2013\projects\scicompanion\scicompanionlib\deadcodeanalysis\vc120.idb
e:\documents\visual studio 2013\projects\scicompanion\scicompanionlib\deadcodeanalysis\stdafx.obj
e:\documents\visual studio 2013\projects\scicompanion\scicompanionlib\deadcodeanalysis\scicompanionlib.pchast
e:\documents\visual studio 2013\projects\scicompanion\scicompanionlib\deadcodeanalysis\stdafx.nativecodeanalysis.xml
e:\documents\visual studio 2013\projects\scicompanion\scicompanionlib\deadcodeanalysis\resourceentity.obj
e:\documents\visual studio 2013\projects\scicompanion\scicompanionlib\deadcodeanalysis\resourcemap.obj
e:\documents\visual studio 2013\projects\scicompanion\scicompanionlib\deadcodeanalysis\resourcerecency.obj
e:\documents\visual studio 2013\projects\scicompanion\scicompanionlib\deadcodeanalysis\resourcetypelist.obj
e:\documents\visual studio 2013\projects\scicompanion\scicompanionlib\deadcodeanalysis\soundresource.obj
e:\documents\visual studio 2013\projects\scicompanion\scicompanionlib\deadcodeanalysis\textresource.obj
e:\documents\visual studio 2013\projects\scicompanion\scicompanionlib\deadcodeanalysis\viewoperations.obj
e:\documents\visual studio 2013\projects\scicompanion\scicompanionlib\deadcodeanalysis\vocab000.obj
e:\documents\visual studio 2013\projects\scicompanion\scicompanionlib\deadcodeanalysis\vocab99x.obj
e:\documents\visual studio 2013\projects\scicompanion\scicompanionlib\deadcodeanalysis\appstate.obj
e:\documents\visual studio 2013\projects\scicompanion\scicompanionlib\deadcodeanalysis\classbrowser.obj
e:\documents\visual studio 2013\projects\scicompanion\scicompanionlib\deadcodeanalysis\classbrowserinfo.obj
e:\documents\visual studio 2013\projects\scicompanion\scicompanionlib\deadcodeanalysis\codeautocomplete.obj
e:\documents\visual studio 2013\projects\scicompanion\scicompanionlib\deadcodeanalysis\codec.obj
e:\documents\visual studio 2013\projects\scicompanion\scicompanionlib\deadcodeanalysis\crystalscriptstream.obj
e:\documents\visual studio 2013\projects\scicompanion\scicompanionlib\deadcodeanalysis\drawhelper.obj
e:\documents\visual studio 2013\projects\scicompanion\scicompanionlib\deadcodeanalysis\scidocs.obj
e:\documents\visual studio 2013\projects\scicompanion\scicompanionlib\deadcodeanalysis\stream.obj
e:\documents\visual studio 2013\projects\scicompanion\scicompanionlib\deadcodeanalysis\util.obj
e:\documents\visual studio 2013\projects\scicompanion\scicompanionlib\deadcodeanalysis\wordenumstring.obj
e:\documents\visual studio 2013\projects\scicompanion\scicompanionlib\deadcodeanalysis\fontpreviewview.obj
e:\documents\visual studio 2013\projects\scicompanion\scicompanionlib\deadcodeanalysis\picview.obj
e:\documents\visual studio 2013\projects\scicompanion\scicompanionlib\deadcodeanalysis\rasterresourcelistview.obj
e:\documents\visual studio 2013\projects\scicompanion\scicompanionlib\deadcodeanalysis\rasterview.obj
e:\documents\visual studio 2013\projects\scicompanion\scicompanionlib\deadcodeanalysis\gameexplorerview.obj
e:\documents\visual studio 2013\projects\scicompanion\scicompanionlib\deadcodeanalysis\roomexplorerview.obj
e:\documents\visual studio 2013\projects\scicompanion\scicompanionlib\deadcodeanalysis\scriptview.obj
e:\documents\visual studio 2013\projects\scicompanion\scicompanionlib\deadcodeanalysis\soundview.obj
e:\documents\visual studio 2013\projects\scicompanion\scicompanionlib\deadcodeanalysis\textview.obj
e:\documents\visual studio 2013\projects\scicompanion\scicompanionlib\deadcodeanalysis\vocabview.obj
e:\documents\visual studio 2013\projects\scicompanion\scicompanionlib\deadcodeanalysis\components.obj
e:\documents\visual studio 2013\projects\scicompanion\scicompanionlib\deadcodeanalysis\cursoroperations.obj
e:\documents\visual studio 2013\projects\scicompanion\scicompanionlib\deadcodeanalysis\fontoperations.obj
e:\documents\visual studio 2013\projects\scicompanion\scicompanionlib\deadcodeanalysis\piccommands.obj
e:\documents\visual studio 2013\projects\scicompanion\scicompanionlib\deadcodeanalysis\picdrawmanager.obj
e:\documents\visual studio 2013\projects\scicompanion\scicompanionlib\deadcodeanalysis\picresource.obj
e:\documents\visual studio 2013\projects\scicompanion\scicompanionlib\deadcodeanalysis\rasteroperations.obj
e:\documents\visual studio 2013\projects\scicompanion\scicompanionlib\deadcodeanalysis\resourcebase.obj
e:\documents\visual studio 2013\projects\scicompanion\scicompanionlib\deadcodeanalysis\resourcecontainer.obj
e:\documents\visual studio 2013\projects\scicompanion\scicompanionlib\deadcodeanalysis\resourcedata.obj
e:\documents\visual studio 2013\projects\scicompanion\scicompanionlib\deadcodeanalysis\picdoc.obj
e:\documents\visual studio 2013\projects\scicompanion\scicompanionlib\deadcodeanalysis\resourcedocument.obj
e:\documents\visual studio 2013\projects\scicompanion\scicompanionlib\deadcodeanalysis\resourcelistdoc.obj
e:\documents\visual studio 2013\projects\scicompanion\scicompanionlib\deadcodeanalysis\roomexplorerdoc.obj
e:\documents\visual studio 2013\projects\scicompanion\scicompanionlib\deadcodeanalysis\scriptdocument.obj
e:\documents\visual studio 2013\projects\scicompanion\scicompanionlib\deadcodeanalysis\sounddoc.obj
e:\documents\visual studio 2013\projects\scicompanion\scicompanionlib\deadcodeanalysis\textdoc.obj
e:\documents\visual studio 2013\projects\scicompanion\scicompanionlib\deadcodeanalysis\vocabdoc.obj
e:\documents\visual studio 2013\projects\scicompanion\scicompanionlib\deadcodeanalysis\cursorchildframe.obj
e:\documents\visual studio 2013\projects\scicompanion\scicompanionlib\deadcodeanalysis\fontchildframe.obj
e:\documents\visual studio 2013\projects\scicompanion\scicompanionlib\deadcodeanalysis\mainfrm.obj
e:\documents\visual studio 2013\projects\scicompanion\scicompanionlib\deadcodeanalysis\mditabchildwnd.obj
e:\documents\visual studio 2013\projects\scicompanion\scicompanionlib\deadcodeanalysis\picchildframe.obj
e:\documents\visual studio 2013\projects\scicompanion\scicompanionlib\deadcodeanalysis\gameexplorerframe.obj
e:\documents\visual studio 2013\projects\scicompanion\scicompanionlib\deadcodeanalysis\roomexplorerframe.obj
e:\documents\visual studio 2013\projects\scicompanion\scicompanionlib\deadcodeanalysis\scriptframe.obj
e:\documents\visual studio 2013\projects\scicompanion\scicompanionlib\deadcodeanalysis\soundchildframe.obj
e:\documents\visual studio 2013\projects\scicompanion\scicompanionlib\deadcodeanalysis\textchildframe.obj
e:\documents\visual studio 2013\projects\scicompanion\scicompanionlib\deadcodeanalysis\viewchildframe.obj
e:\documents\visual studio 2013\projects\scicompanion\scicompanionlib\deadcodeanalysis\vocabchildframe.obj
e:\documents\visual studio 2013\projects\scicompanion\scicompanionlib\deadcodeanalysis\coloredtooltip.obj
e:\documents\visual studio 2013\projects\scicompanion\scicompanionlib\deadcodeanalysis\extcontrolbarnox.obj
e:\documents\visual studio 2013\projects\scicompanion\scicompanionlib\deadcodeanalysis\extdialogfwdcmd.obj
e:\documents\visual studio 2013\projects\scicompanion\scicompanionlib\deadcodeanalysis\intellisenselistbox.obj
e:\documents\visual studio 2013\projects\scicompanion\scicompanionlib\deadcodeanalysis\mditabsdialogbar.obj
e:\documents\visual studio 2013\projects\scicompanion\scicompanionlib\deadcodeanalysis\noflickerstatic.obj
e:\documents\visual studio 2013\projects\scicompanion\scicompanionlib\deadcodeanalysis\outputpane.obj
e:\documents\visual studio 2013\projects\scicompanion\scicompanionlib\deadcodeanalysis\piccommanddialogbar.obj
e:\documents\visual studio 2013\projects\scicompanion\scicompanionlib\deadcodeanalysis\quickscripts.obj
e:\documents\visual studio 2013\projects\scicompanion\scicompanionlib\deadcodeanalysis\rasterdialogbar.obj
e:\documents\visual studio 2013\projects\scicompanion\scicompanionlib\deadcodeanalysis\resourcelistview.obj
e:\documents\visual studio 2013\projects\scicompanion\scicompanionlib\deadcodeanalysis\resourcepiclistview.obj
e:\documents\visual studio 2013\projects\scicompanion\scicompanionlib\deadcodeanalysis\resourcepreviewer.obj
e:\documents\visual studio 2013\projects\scicompanion\scicompanionlib\deadcodeanalysis\scriptcombobox.obj
e:\documents\visual studio 2013\projects\scicompanion\scicompanionlib\deadcodeanalysis\sliderdialogbar.obj
e:\documents\visual studio 2013\projects\scicompanion\scicompanionlib\deadcodeanalysis\soundtoolboxdialogbar.obj
e:\documents\visual studio 2013\projects\scicompanion\scicompanionlib\deadcodeanalysis\viewcelchooser.obj
e:\documents\visual studio 2013\projects\scicompanion\scicompanionlib\deadcodeanalysis\vpcdialogbar.obj
e:\documents\visual studio 2013\projects\scicompanion\scicompanionlib\deadcodeanalysis\newrasterresourcedocument.obj
e:\documents\visual studio 2013\projects\scicompanion\scicompanionlib\deadcodeanalysis\nonviewhostdocument.obj
e:\documents\visual studio 2013\projects\scicompanion\scicompanionlib\deadcodeanalysis\gotodialog.obj
e:\documents\visual studio 2013\projects\scicompanion\scicompanionlib\deadcodeanalysis\insertobject.obj
e:\documents\visual studio 2013\projects\scicompanion\scicompanionlib\deadcodeanalysis\newcompiledialog.obj
e:\documents\visual studio 2013\projects\scicompanion\scicompanionlib\deadcodeanalysis\newgamedialog.obj
e:\documents\visual studio 2013\projects\scicompanion\scicompanionlib\deadcodeanalysis\newroomdialog.obj
e:\documents\visual studio 2013\projects\scicompanion\scicompanionlib\deadcodeanalysis\newscriptdialog.obj
e:\documents\visual studio 2013\projects\scicompanion\scicompanionlib\deadcodeanalysis\palettedefinitiondialog.obj
e:\documents\visual studio 2013\projects\scicompanion\scicompanionlib\deadcodeanalysis\preferencesdialog.obj
e:\documents\visual studio 2013\projects\scicompanion\scicompanionlib\deadcodeanalysis\removescriptdialog.obj
e:\documents\visual studio 2013\projects\scicompanion\scicompanionlib\deadcodeanalysis\samplesdialogbar.obj
e:\documents\visual studio 2013\projects\scicompanion\scicompanionlib\deadcodeanalysis\saveresourcedialog.obj
e:\documents\visual studio 2013\projects\scicompanion\scicompanionlib\deadcodeanalysis\scifontdialog.obj
e:\documents\visual studio 2013\projects\scicompanion\scicompanionlib\deadcodeanalysis\scipropertyctrl.obj
e:\documents\visual studio 2013\projects\scicompanion\scicompanionlib\deadcodeanalysis\scipropertyinfo.obj
e:\documents\visual studio 2013\projects\scicompanion\scicompanionlib\deadcodeanalysis\sciprops.obj
e:\documents\visual studio 2013\projects\scicompanion\scicompanionlib\deadcodeanalysis\visualscriptdialog.obj
e:\documents\visual studio 2013\projects\scicompanion\scicompanionlib\deadcodeanalysis\vocabautocompletedialog.obj
e:\documents\visual studio 2013\projects\scicompanion\scicompanionlib\deadcodeanalysis\choosecolorstatic.obj
e:\documents\visual studio 2013\projects\scicompanion\scicompanionlib\deadcodeanalysis\codetooltips.obj
e:\documents\visual studio 2013\projects\scicompanion\scicompanionlib\deadcodeanalysis\colorbutton.obj
e:\documents\visual studio 2013\projects\scicompanion\scicompanionlib\deadcodeanalysis\crc.obj
e:\documents\visual studio 2013\projects\scicompanion\scicompanionlib\deadcodeanalysis\ccrystaleditview.obj
e:\documents\visual studio 2013\projects\scicompanion\scicompanionlib\deadcodeanalysis\ccrystaltextbuffer.obj
e:\documents\visual studio 2013\projects\scicompanion\scicompanionlib\deadcodeanalysis\ccrystaltextview.obj
e:\documents\visual studio 2013\projects\scicompanion\scicompanionlib\deadcodeanalysis\ccrystaltextview2.obj
e:\documents\visual studio 2013\projects\scicompanion\scicompanionlib\deadcodeanalysis\ceditreplacedlg.obj
e:\documents\visual studio 2013\projects\scicompanion\scicompanionlib\deadcodeanalysis\cfindtextdlg.obj
e:\documents\visual studio 2013\projects\scicompanion\scicompanionlib\deadcodeanalysis\animatedialog.obj
e:\documents\visual studio 2013\projects\scicompanion\scicompanionlib\deadcodeanalysis\barcontainerdialog.obj
e:\documents\visual studio 2013\projects\scicompanion\scicompanionlib\deadcodeanalysis\basecolordialog.obj
e:\documents\visual studio 2013\projects\scicompanion\scicompanionlib\deadcodeanalysis\bitmaptopicdialog.obj
e:\documents\visual studio 2013\projects\scicompanion\scicompanionlib\deadcodeanalysis\choosecoloradvanceddialog.obj
e:\documents\visual studio 2013\projects\scicompanion\scicompanionlib\deadcodeanalysis\choosecolordialog.obj
e:\documents\visual studio 2013\projects\scicompanion\scicompanionlib\deadcodeanalysis\choosepenstyledialog.obj
e:\documents\visual studio 2013\projects\scicompanion\scicompanionlib\deadcodeanalysis\choosepricondialog.obj
e:\documents\visual studio 2013\projects\scicompanion\scicompanionlib\deadcodeanalysis\classbrowserdialog.obj
e:\documents\visual studio 2013\projects\scicompanion\scicompanionlib\deadcodeanalysis\dontshowagaindialog.obj
e:\documents\visual studio 2013\projects\scicompanion\scicompanionlib\deadcodeanalysis\findalldialog.obj
e:\documents\visual studio 2013\projects\scicompanion\scicompanionlib\deadcodeanalysis\findworddialog.obj
e:\documents\visual studio 2013\projects\scicompanion\scicompanionlib\deadcodeanalysis\gamepropertiesdialog.obj
e:\documents\visual studio 2013\projects\scicompanion\scicompanionlib\deadcodeanalysis\scicompanionlib.obj
e:\documents\visual studio 2013\projects\scicompanion\scicompanionlib\deadcodeanalysis\compile.obj
e:\documents\visual studio 2013\projects\scicompanion\scicompanionlib\deadcodeanalysis\compilecontext.obj
e:\documents\visual studio 2013\projects\scicompanion\scicompanionlib\deadcodeanalysis\compiledscript.obj
e:\documents\visual studio 2013\projects\scicompanion\scicompanionlib\deadcodeanalysis\cppsyntaxparser.obj
e:\documents\visual studio 2013\projects\scicompanion\scicompanionlib\deadcodeanalysis\cpptokenizer.obj
e:\documents\visual studio 2013\projects\scicompanion\scicompanionlib\deadcodeanalysis\decompiler.obj
e:\documents\visual studio 2013\projects\scicompanion\scicompanionlib\deadcodeanalysis\kernels.obj
e:\documents\visual studio 2013\projects\scicompanion\scicompanionlib\deadcodeanalysis\parsercommon.obj
e:\documents\visual studio 2013\projects\scicompanion\scicompanionlib\deadcodeanalysis\pmachine.obj
e:\documents\visual studio 2013\projects\scicompanion\scicompanionlib\deadcodeanalysis\scii.obj
e:\documents\visual studio 2013\projects\scicompanion\scicompanionlib\deadcodeanalysis\scisyntaxparser.obj
e:\documents\visual studio 2013\projects\scicompanion\scicompanionlib\deadcodeanalysis\sco.obj
e:\documents\visual studio 2013\projects\scicompanion\scicompanionlib\deadcodeanalysis\scriptdebug.obj
e:\documents\visual studio 2013\projects\scicompanion\scicompanionlib\deadcodeanalysis\scriptom.obj
e:\documents\visual studio 2013\projects\scicompanion\scicompanionlib\deadcodeanalysis\scriptomtraverse.obj
e:\documents\visual studio 2013\projects\scicompanion\scicompanionlib\deadcodeanalysis\syntaxparser.obj
e:\documents\visual studio 2013\projects\scicompanion\scicompanionlib\deadcodeanalysis\types.obj
e:\documents\visual studio 2013\projects\scicompanion\scicompanionlib\deadcodeanalysis\format.obj
e:\documents\visual studio 2013\projects\scicompanion\scicompanionlib\deadcodeanalysis\resourceentity.nativecodeanalysis.xml
e:\documents\visual studio 2013\projects\scicompanion\scicompanionlib\deadcodeanalysis\resourcemap.nativecodeanalysis.xml
e:\documents\visual studio 2013\projects\scicompanion\scicompanionlib\deadcodeanalysis\resourcerecency.nativecodeanalysis.xml
e:\documents\visual studio 2013\projects\scicompanion\scicompanionlib\deadcodeanalysis\resourcetypelist.nativecodeanalysis.xml
e:\documents\visual studio 2013\projects\scicompanion\scicompanionlib\deadcodeanalysis\soundresource.nativecodeanalysis.xml
e:\documents\visual studio 2013\projects\scicompanion\scicompanionlib\deadcodeanalysis\textresource.nativecodeanalysis.xml
e:\documents\visual studio 2013\projects\scicompanion\scicompanionlib\deadcodeanalysis\viewoperations.nativecodeanalysis.xml
e:\documents\visual studio 2013\projects\scicompanion\scicompanionlib\deadcodeanalysis\vocab000.nativecodeanalysis.xml
e:\documents\visual studio 2013\projects\scicompanion\scicompanionlib\deadcodeanalysis\vocab99x.nativecodeanalysis.xml
e:\documents\visual studio 2013\projects\scicompanion\scicompanionlib\deadcodeanalysis\appstate.nativecodeanalysis.xml
e:\documents\visual studio 2013\projects\scicompanion\scicompanionlib\deadcodeanalysis\classbrowser.nativecodeanalysis.xml
e:\documents\visual studio 2013\projects\scicompanion\scicompanionlib\deadcodeanalysis\classbrowserinfo.nativecodeanalysis.xml
e:\documents\visual studio 2013\projects\scicompanion\scicompanionlib\deadcodeanalysis\codeautocomplete.nativecodeanalysis.xml
e:\documents\visual studio 2013\projects\scicompanion\scicompanionlib\deadcodeanalysis\codec.nativecodeanalysis.xml
e:\documents\visual studio 2013\projects\scicompanion\scicompanionlib\deadcodeanalysis\crystalscriptstream.nativecodeanalysis.xml
e:\documents\visual studio 2013\projects\scicompanion\scicompanionlib\deadcodeanalysis\drawhelper.nativecodeanalysis.xml
e:\documents\visual studio 2013\projects\scicompanion\scicompanionlib\deadcodeanalysis\scidocs.nativecodeanalysis.xml
e:\documents\visual studio 2013\projects\scicompanion\scicompanionlib\deadcodeanalysis\stream.nativecodeanalysis.xml
e:\documents\visual studio 2013\projects\scicompanion\scicompanionlib\deadcodeanalysis\util.nativecodeanalysis.xml
e:\documents\visual studio 2013\projects\scicompanion\scicompanionlib\deadcodeanalysis\wordenumstring.nativecodeanalysis.xml
e:\documents\visual studio 2013\projects\scicompanion\scicompanionlib\deadcodeanalysis\fontpreviewview.nativecodeanalysis.xml
e:\documents\visual studio 2013\projects\scicompanion\scicompanionlib\deadcodeanalysis\picview.nativecodeanalysis.xml
e:\documents\visual studio 2013\projects\scicompanion\scicompanionlib\deadcodeanalysis\rasterresourcelistview.nativecodeanalysis.xml
e:\documents\visual studio 2013\projects\scicompanion\scicompanionlib\deadcodeanalysis\rasterview.nativecodeanalysis.xml
e:\documents\visual studio 2013\projects\scicompanion\scicompanionlib\deadcodeanalysis\gameexplorerview.nativecodeanalysis.xml
e:\documents\visual studio 2013\projects\scicompanion\scicompanionlib\deadcodeanalysis\roomexplorerview.nativecodeanalysis.xml
e:\documents\visual studio 2013\projects\scicompanion\scicompanionlib\deadcodeanalysis\scriptview.nativecodeanalysis.xml
e:\documents\visual studio 2013\projects\scicompanion\scicompanionlib\deadcodeanalysis\soundview.nativecodeanalysis.xml
e:\documents\visual studio 2013\projects\scicompanion\scicompanionlib\deadcodeanalysis\textview.nativecodeanalysis.xml
e:\documents\visual studio 2013\projects\scicompanion\scicompanionlib\deadcodeanalysis\vocabview.nativecodeanalysis.xml
e:\documents\visual studio 2013\projects\scicompanion\scicompanionlib\deadcodeanalysis\components.nativecodeanalysis.xml
e:\documents\visual studio 2013\projects\scicompanion\scicompanionlib\deadcodeanalysis\cursoroperations.nativecodeanalysis.xml
e:\documents\visual studio 2013\projects\scicompanion\scicompanionlib\deadcodeanalysis\fontoperations.nativecodeanalysis.xml
e:\documents\visual studio 2013\projects\scicompanion\scicompanionlib\deadcodeanalysis\piccommands.nativecodeanalysis.xml
e:\documents\visual studio 2013\projects\scicompanion\scicompanionlib\deadcodeanalysis\picdrawmanager.nativecodeanalysis.xml
e:\documents\visual studio 2013\projects\scicompanion\scicompanionlib\deadcodeanalysis\picresource.nativecodeanalysis.xml
e:\documents\visual studio 2013\projects\scicompanion\scicompanionlib\deadcodeanalysis\rasteroperations.nativecodeanalysis.xml
e:\documents\visual studio 2013\projects\scicompanion\scicompanionlib\deadcodeanalysis\resourcebase.nativecodeanalysis.xml
e:\documents\visual studio 2013\projects\scicompanion\scicompanionlib\deadcodeanalysis\resourcecontainer.nativecodeanalysis.xml
e:\documents\visual studio 2013\projects\scicompanion\scicompanionlib\deadcodeanalysis\resourcedata.nativecodeanalysis.xml
e:\documents\visual studio 2013\projects\scicompanion\scicompanionlib\deadcodeanalysis\picdoc.nativecodeanalysis.xml
e:\documents\visual studio 2013\projects\scicompanion\scicompanionlib\deadcodeanalysis\resourcedocument.nativecodeanalysis.xml
e:\documents\visual studio 2013\projects\scicompanion\scicompanionlib\deadcodeanalysis\resourcelistdoc.nativecodeanalysis.xml
e:\documents\visual studio 2013\projects\scicompanion\scicompanionlib\deadcodeanalysis\roomexplorerdoc.nativecodeanalysis.xml
e:\documents\visual studio 2013\projects\scicompanion\scicompanionlib\deadcodeanalysis\scriptdocument.nativecodeanalysis.xml
e:\documents\visual studio 2013\projects\scicompanion\scicompanionlib\deadcodeanalysis\sounddoc.nativecodeanalysis.xml
e:\documents\visual studio 2013\projects\scicompanion\scicompanionlib\deadcodeanalysis\textdoc.nativecodeanalysis.xml
e:\documents\visual studio 2013\projects\scicompanion\scicompanionlib\deadcodeanalysis\vocabdoc.nativecodeanalysis.xml
e:\documents\visual studio 2013\projects\scicompanion\scicompanionlib\deadcodeanalysis\cursorchildframe.nativecodeanalysis.xml
e:\documents\visual studio 2013\projects\scicompanion\scicompanionlib\deadcodeanalysis\fontchildframe.nativecodeanalysis.xml
e:\documents\visual studio 2013\projects\scicompanion\scicompanionlib\deadcodeanalysis\mainfrm.nativecodeanalysis.xml
e:\documents\visual studio 2013\projects\scicompanion\scicompanionlib\deadcodeanalysis\mditabchildwnd.nativecodeanalysis.xml
e:\documents\visual studio 2013\projects\scicompanion\scicompanionlib\deadcodeanalysis\picchildframe.nativecodeanalysis.xml
e:\documents\visual studio 2013\projects\scicompanion\scicompanionlib\deadcodeanalysis\gameexplorerframe.nativecodeanalysis.xml
e:\documents\visual studio 2013\projects\scicompanion\scicompanionlib\deadcodeanalysis\roomexplorerframe.nativecodeanalysis.xml
e:\documents\visual studio 2013\projects\scicompanion\scicompanionlib\deadcodeanalysis\scriptframe.nativecodeanalysis.xml
e:\documents\visual studio 2013\projects\scicompanion\scicompanionlib\deadcodeanalysis\soundchildframe.nativecodeanalysis.xml
e:\documents\visual studio 2013\projects\scicompanion\scicompanionlib\deadcodeanalysis\textchildframe.nativecodeanalysis.xml
e:\documents\visual studio 2013\projects\scicompanion\scicompanionlib\deadcodeanalysis\viewchildframe.nativecodeanalysis.xml
e:\documents\visual studio 2013\projects\scicompanion\scicompanionlib\deadcodeanalysis\vocabchildframe.nativecodeanalysis.xml
e:\documents\visual studio 2013\projects\scicompanion\scicompanionlib\deadcodeanalysis\coloredtooltip.nativecodeanalysis.xml
e:\documents\visual studio 2013\projects\scicompanion\scicompanionlib\deadcodeanalysis\extcontrolbarnox.nativecodeanalysis.xml
e:\documents\visual studio 2013\projects\scicompanion\scicompanionlib\deadcodeanalysis\extdialogfwdcmd.nativecodeanalysis.xml
e:\documents\visual studio 2013\projects\scicompanion\scicompanionlib\deadcodeanalysis\intellisenselistbox.nativecodeanalysis.xml
e:\documents\visual studio 2013\projects\scicompanion\scicompanionlib\deadcodeanalysis\mditabsdialogbar.nativecodeanalysis.xml
e:\documents\visual studio 2013\projects\scicompanion\scicompanionlib\deadcodeanalysis\noflickerstatic.nativecodeanalysis.xml
e:\documents\visual studio 2013\projects\scicompanion\scicompanionlib\deadcodeanalysis\outputpane.nativecodeanalysis.xml
e:\documents\visual studio 2013\projects\scicompanion\scicompanionlib\deadcodeanalysis\piccommanddialogbar.nativecodeanalysis.xml
e:\documents\visual studio 2013\projects\scicompanion\scicompanionlib\deadcodeanalysis\quickscripts.nativecodeanalysis.xml
e:\documents\visual studio 2013\projects\scicompanion\scicompanionlib\deadcodeanalysis\rasterdialogbar.nativecodeanalysis.xml
e:\documents\visual studio 2013\projects\scicompanion\scicompanionlib\deadcodeanalysis\resourcelistview.nativecodeanalysis.xml
e:\documents\visual studio 2013\projects\scicompanion\scicompanionlib\deadcodeanalysis\resourcepiclistview.nativecodeanalysis.xml
e:\documents\visual studio 2013\projects\scicompanion\scicompanionlib\deadcodeanalysis\resourcepreviewer.nativecodeanalysis.xml
e:\documents\visual studio 2013\projects\scicompanion\scicompanionlib\deadcodeanalysis\scriptcombobox.nativecodeanalysis.xml
e:\documents\visual studio 2013\projects\scicompanion\scicompanionlib\deadcodeanalysis\sliderdialogbar.nativecodeanalysis.xml
e:\documents\visual studio 2013\projects\scicompanion\scicompanionlib\deadcodeanalysis\soundtoolboxdialogbar.nativecodeanalysis.xml
e:\documents\visual studio 2013\projects\scicompanion\scicompanionlib\deadcodeanalysis\viewcelchooser.nativecodeanalysis.xml
e:\documents\visual studio 2013\projects\scicompanion\scicompanionlib\deadcodeanalysis\vpcdialogbar.nativecodeanalysis.xml
e:\documents\visual studio 2013\projects\scicompanion\scicompanionlib\deadcodeanalysis\newrasterresourcedocument.nativecodeanalysis.xml
e:\documents\visual studio 2013\projects\scicompanion\scicompanionlib\deadcodeanalysis\nonviewhostdocument.nativecodeanalysis.xml
e:\documents\visual studio 2013\projects\scicompanion\scicompanionlib\deadcodeanalysis\gotodialog.nativecodeanalysis.xml
e:\documents\visual studio 2013\projects\scicompanion\scicompanionlib\deadcodeanalysis\insertobject.nativecodeanalysis.xml
e:\documents\visual studio 2013\projects\scicompanion\scicompanionlib\deadcodeanalysis\newcompiledialog.nativecodeanalysis.xml
e:\documents\visual studio 2013\projects\scicompanion\scicompanionlib\deadcodeanalysis\newgamedialog.nativecodeanalysis.xml
e:\documents\visual studio 2013\projects\scicompanion\scicompanionlib\deadcodeanalysis\newroomdialog.nativecodeanalysis.xml
e:\documents\visual studio 2013\projects\scicompanion\scicompanionlib\deadcodeanalysis\newscriptdialog.nativecodeanalysis.xml
e:\documents\visual studio 2013\projects\scicompanion\scicompanionlib\deadcodeanalysis\palettedefinitiondialog.nativecodeanalysis.xml
e:\documents\visual studio 2013\projects\scicompanion\scicompanionlib\deadcodeanalysis\preferencesdialog.nativecodeanalysis.xml
e:\documents\visual studio 2013\projects\scicompanion\scicompanionlib\deadcodeanalysis\removescriptdialog.nativecodeanalysis.xml
e:\documents\visual studio 2013\projects\scicompanion\scicompanionlib\deadcodeanalysis\samplesdialogbar.nativecodeanalysis.xml
e:\documents\visual studio 2013\projects\scicompanion\scicompanionlib\deadcodeanalysis\saveresourcedialog.nativecodeanalysis.xml
e:\documents\visual studio 2013\projects\scicompanion\scicompanionlib\deadcodeanalysis\scifontdialog.nativecodeanalysis.xml
e:\documents\visual studio 2013\projects\scicompanion\scicompanionlib\deadcodeanalysis\scipropertyctrl.nativecodeanalysis.xml
e:\documents\visual studio 2013\projects\scicompanion\scicompanionlib\deadcodeanalysis\scipropertyinfo.nativecodeanalysis.xml
e:\documents\visual studio 2013\projects\scicompanion\scicompanionlib\deadcodeanalysis\sciprops.nativecodeanalysis.xml
e:\documents\visual studio 2013\projects\scicompanion\scicompanionlib\deadcodeanalysis\visualscriptdialog.nativecodeanalysis.xml
e:\documents\visual studio 2013\projects\scicompanion\scicompanionlib\deadcodeanalysis\vocabautocompletedialog.nativecodeanalysis.xml
e:\documents\visual studio 2013\projects\scicompanion\scicompanionlib\deadcodeanalysis\choosecolorstatic.nativecodeanalysis.xml
e:\documents\visual studio 2013\projects\scicompanion\scicompanionlib\deadcodeanalysis\codetooltips.nativecodeanalysis.xml
e:\documents\visual studio 2013\projects\scicompanion\scicompanionlib\deadcodeanalysis\colorbutton.nativecodeanalysis.xml
e:\documents\visual studio 2013\projects\scicompanion\scicompanionlib\deadcodeanalysis\crc.nativecodeanalysis.xml
e:\documents\visual studio 2013\projects\scicompanion\scicompanionlib\deadcodeanalysis\ccrystaleditview.nativecodeanalysis.xml
e:\documents\visual studio 2013\projects\scicompanion\scicompanionlib\deadcodeanalysis\ccrystaltextbuffer.nativecodeanalysis.xml
e:\documents\visual studio 2013\projects\scicompanion\scicompanionlib\deadcodeanalysis\ccrystaltextview.nativecodeanalysis.xml
e:\documents\visual studio 2013\projects\scicompanion\scicompanionlib\deadcodeanalysis\ccrystaltextview2.nativecodeanalysis.xml
e:\documents\visual studio 2013\projects\scicompanion\scicompanionlib\deadcodeanalysis\ceditreplacedlg.nativecodeanalysis.xml
e:\documents\visual studio 2013\projects\scicompanion\scicompanionlib\deadcodeanalysis\cfindtextdlg.nativecodeanalysis.xml
e:\documents\visual studio 2013\projects\scicompanion\scicompanionlib\deadcodeanalysis\animatedialog.nativecodeanalysis.xml
e:\documents\visual studio 2013\projects\scicompanion\scicompanionlib\deadcodeanalysis\barcontainerdialog.nativecodeanalysis.xml
e:\documents\visual studio 2013\projects\scicompanion\scicompanionlib\deadcodeanalysis\basecolordialog.nativecodeanalysis.xml
e:\documents\visual studio 2013\projects\scicompanion\scicompanionlib\deadcodeanalysis\bitmaptopicdialog.nativecodeanalysis.xml
e:\documents\visual studio 2013\projects\scicompanion\scicompanionlib\deadcodeanalysis\choosecoloradvanceddialog.nativecodeanalysis.xml
e:\documents\visual studio 2013\projects\scicompanion\scicompanionlib\deadcodeanalysis\choosecolordialog.nativecodeanalysis.xml
e:\documents\visual studio 2013\projects\scicompanion\scicompanionlib\deadcodeanalysis\choosepenstyledialog.nativecodeanalysis.xml
e:\documents\visual studio 2013\projects\scicompanion\scicompanionlib\deadcodeanalysis\choosepricondialog.nativecodeanalysis.xml
e:\documents\visual studio 2013\projects\scicompanion\scicompanionlib\deadcodeanalysis\classbrowserdialog.nativecodeanalysis.xml
e:\documents\visual studio 2013\projects\scicompanion\scicompanionlib\deadcodeanalysis\dontshowagaindialog.nativecodeanalysis.xml
e:\documents\visual studio 2013\projects\scicompanion\scicompanionlib\deadcodeanalysis\findalldialog.nativecodeanalysis.xml
e:\documents\visual studio 2013\projects\scicompanion\scicompanionlib\deadcodeanalysis\findworddialog.nativecodeanalysis.xml
e:\documents\visual studio 2013\projects\scicompanion\scicompanionlib\deadcodeanalysis\gamepropertiesdialog.nativecodeanalysis.xml
e:\documents\visual studio 2013\projects\scicompanion\scicompanionlib\deadcodeanalysis\scicompanionlib.nativecodeanalysis.xml
e:\documents\visual studio 2013\projects\scicompanion\scicompanionlib\deadcodeanalysis\compile.nativecodeanalysis.xml
e:\documents\visual studio 2013\projects\scicompanion\scicompanionlib\deadcodeanalysis\compilecontext.nativecodeanalysis.xml
e:\documents\visual studio 2013\projects\scicompanion\scicompanionlib\deadcodeanalysis\compiledscript.nativecodeanalysis.xml
e:\documents\visual studio 2013\projects\scicompanion\scicompanionlib\deadcodeanalysis\cppsyntaxparser.nativecodeanalysis.xml
e:\documents\visual studio 2013\projects\scicompanion\scicompanionlib\deadcodeanalysis\cpptokenizer.nativecodeanalysis.xml
e:\documents\visual studio 2013\projects\scicompanion\scicompanionlib\deadcodeanalysis\decompiler.nativecodeanalysis.xml
e:\documents\visual studio 2013\projects\scicompanion\scicompanionlib\deadcodeanalysis\kernels.nativecodeanalysis.xml
e:\documents\visual studio 2013\projects\scicompanion\scicompanionlib\deadcodeanalysis\parsercommon.nativecodeanalysis.xml
e:\documents\visual studio 2013\projects\scicompanion\scicompanionlib\deadcodeanalysis\pmachine.nativecodeanalysis.xml
e:\documents\visual studio 2013\projects\scicompanion\scicompanionlib\deadcodeanalysis\scii.nativecodeanalysis.xml
e:\documents\visual studio 2013\projects\scicompanion\scicompanionlib\deadcodeanalysis\scisyntaxparser.nativecodeanalysis.xml
e:\documents\visual studio 2013\projects\scicompanion\scicompanionlib\deadcodeanalysis\sco.nativecodeanalysis.xml
e:\documents\visual studio 2013\projects\scicompanion\scicompanionlib\deadcodeanalysis\scriptdebug.nativecodeanalysis.xml
e:\documents\visual studio 2013\projects\scicompanion\scicompanionlib\deadcodeanalysis\scriptom.nativecodeanalysis.xml
e:\documents\visual studio 2013\projects\scicompanion\scicompanionlib\deadcodeanalysis\scriptomtraverse.nativecodeanalysis.xml
e:\documents\visual studio 2013\projects\scicompanion\scicompanionlib\deadcodeanalysis\syntaxparser.nativecodeanalysis.xml
e:\documents\visual studio 2013\projects\scicompanion\scicompanionlib\deadcodeanalysis\types.nativecodeanalysis.xml
e:\documents\visual studio 2013\projects\scicompanion\scicompanionlib\deadcodeanalysis\format.nativecodeanalysis.xml
e:\documents\visual studio 2013\projects\scicompanion\deadcodeanalysis\scicompanionlib.lib
e:\documents\visual studio 2013\projects\scicompanion\scicompanionlib\scicompanionlib.res
e:\documents\visual studio 2013\projects\scicompanion\scicompanionlib\deadcodeanalysis\nativecodeanalysis.read.1.tlog
e:\documents\visual studio 2013\projects\scicompanion\scicompanionlib\deadcodeanalysis\vc.nativecodeanalysis.all.xml
e:\documents\visual studio 2013\projects\scicompanion\deadcodeanalysis\scicompanionlib.lib.lastcodeanalysissucceeded
e:\documents\visual studio 2013\projects\scicompanion\scicompanionlib\deadcodeanalysis\scicompanionlib.tlog\cl.command.1.tlog
e:\documents\visual studio 2013\projects\scicompanion\scicompanionlib\deadcodeanalysis\scicompanionlib.tlog\cl.read.1.tlog
e:\documents\visual studio 2013\projects\scicompanion\scicompanionlib\deadcodeanalysis\scicompanionlib.tlog\cl.read.5.tlog
e:\documents\visual studio 2013\projects\scicompanion\scicompanionlib\deadcodeanalysis\scicompanionlib.tlog\cl.read.57.tlog
e:\documents\visual studio 2013\projects\scicompanion\scicompanionlib\deadcodeanalysis\scicompanionlib.tlog\cl.read.97.tlog
e:\documents\visual studio 2013\projects\scicompanion\scicompanionlib\deadcodeanalysis\scicompanionlib.tlog\cl.write.1.tlog
e:\documents\visual studio 2013\projects\scicompanion\scicompanionlib\deadcodeanalysis\scicompanionlib.tlog\lib-link.read.1.tlog
e:\documents\visual studio 2013\projects\scicompanion\scicompanionlib\deadcodeanalysis\scicompanionlib.tlog\lib-link.write.1.tlog
e:\documents\visual studio 2013\projects\scicompanion\scicompanionlib\deadcodeanalysis\scicompanionlib.tlog\lib.command.1.tlog
e:\documents\visual studio 2013\projects\scicompanion\scicompanionlib\deadcodeanalysis\scicompanionlib.tlog\rc.command.1.tlog
e:\documents\visual studio 2013\projects\scicompanion\scicompanionlib\deadcodeanalysis\scicompanionlib.tlog\rc.read.1.tlog
e:\documents\visual studio 2013\projects\scicompanion\scicompanionlib\deadcodeanalysis\scicompanionlib.tlog\rc.write.1.tlog
