e:\documents\visual studio 2013\projects\scicompanion\scicompanionlib\debug\scicompanionlib.pch
e:\documents\visual studio 2013\projects\scicompanion\scicompanionlib\debug\vc120.pdb
e:\documents\visual studio 2013\projects\scicompanion\scicompanionlib\debug\vc120.idb
e:\documents\visual studio 2013\projects\scicompanion\scicompanionlib\debug\stdafx.obj
e:\documents\visual studio 2013\projects\scicompanion\scicompanionlib\debug\resourceblob.obj
e:\documents\visual studio 2013\projects\scicompanion\scicompanionlib\debug\resourceentity.obj
e:\documents\visual studio 2013\projects\scicompanion\scicompanionlib\debug\resourcemap.obj
e:\documents\visual studio 2013\projects\scicompanion\scicompanionlib\debug\resourcerecency.obj
e:\documents\visual studio 2013\projects\scicompanion\scicompanionlib\debug\resourcetypelist.obj
e:\documents\visual studio 2013\projects\scicompanion\scicompanionlib\debug\vocab000.obj
e:\documents\visual studio 2013\projects\scicompanion\scicompanionlib\debug\vocab99x.obj
e:\documents\visual studio 2013\projects\scicompanion\scicompanionlib\debug\appstate.obj
e:\documents\visual studio 2013\projects\scicompanion\scicompanionlib\debug\classbrowser.obj
e:\documents\visual studio 2013\projects\scicompanion\scicompanionlib\debug\classbrowserinfo.obj
e:\documents\visual studio 2013\projects\scicompanion\scicompanionlib\debug\codeautocomplete.obj
e:\documents\visual studio 2013\projects\scicompanion\scicompanionlib\debug\codec.obj
e:\documents\visual studio 2013\projects\scicompanion\scicompanionlib\debug\crystalscriptstream.obj
e:\documents\visual studio 2013\projects\scicompanion\scicompanionlib\debug\drawhelper.obj
e:\documents\visual studio 2013\projects\scicompanion\scicompanionlib\debug\scidocs.obj
e:\documents\visual studio 2013\projects\scicompanion\scicompanionlib\debug\stream.obj
e:\documents\visual studio 2013\projects\scicompanion\scicompanionlib\debug\util.obj
e:\documents\visual studio 2013\projects\scicompanion\scicompanionlib\debug\version.obj
e:\documents\visual studio 2013\projects\scicompanion\scicompanionlib\debug\wordenumstring.obj
e:\documents\visual studio 2013\projects\scicompanion\scicompanionlib\debug\text.obj
e:\documents\visual studio 2013\projects\scicompanion\scicompanionlib\debug\viewchildframe.obj
e:\documents\visual studio 2013\projects\scicompanion\scicompanionlib\debug\vocabchildframe.obj
e:\documents\visual studio 2013\projects\scicompanion\scicompanionlib\debug\fontpreviewview.obj
e:\documents\visual studio 2013\projects\scicompanion\scicompanionlib\debug\picview.obj
e:\documents\visual studio 2013\projects\scicompanion\scicompanionlib\debug\rasterresourcelistview.obj
e:\documents\visual studio 2013\projects\scicompanion\scicompanionlib\debug\rasterview.obj
e:\documents\visual studio 2013\projects\scicompanion\scicompanionlib\debug\gameexplorerview.obj
e:\documents\visual studio 2013\projects\scicompanion\scicompanionlib\debug\roomexplorerview.obj
e:\documents\visual studio 2013\projects\scicompanion\scicompanionlib\debug\scriptview.obj
e:\documents\visual studio 2013\projects\scicompanion\scicompanionlib\debug\soundview.obj
e:\documents\visual studio 2013\projects\scicompanion\scicompanionlib\debug\textview.obj
e:\documents\visual studio 2013\projects\scicompanion\scicompanionlib\debug\vocabview.obj
e:\documents\visual studio 2013\projects\scicompanion\scicompanionlib\debug\components.obj
e:\documents\visual studio 2013\projects\scicompanion\scicompanionlib\debug\cursor.obj
e:\documents\visual studio 2013\projects\scicompanion\scicompanionlib\debug\fontoperations.obj
e:\documents\visual studio 2013\projects\scicompanion\scicompanionlib\debug\piccommands.obj
e:\documents\visual studio 2013\projects\scicompanion\scicompanionlib\debug\picdrawmanager.obj
e:\documents\visual studio 2013\projects\scicompanion\scicompanionlib\debug\rasteroperations.obj
e:\documents\visual studio 2013\projects\scicompanion\scicompanionlib\debug\resourceutil.obj
e:\documents\visual studio 2013\projects\scicompanion\scicompanionlib\debug\resourcecontainer.obj
e:\documents\visual studio 2013\projects\scicompanion\scicompanionlib\debug\newrasterresourcedocument.obj
e:\documents\visual studio 2013\projects\scicompanion\scicompanionlib\debug\nonviewhostdocument.obj
e:\documents\visual studio 2013\projects\scicompanion\scicompanionlib\debug\picdoc.obj
e:\documents\visual studio 2013\projects\scicompanion\scicompanionlib\debug\resourcedocument.obj
e:\documents\visual studio 2013\projects\scicompanion\scicompanionlib\debug\resourcelistdoc.obj
e:\documents\visual studio 2013\projects\scicompanion\scicompanionlib\debug\roomexplorerdoc.obj
e:\documents\visual studio 2013\projects\scicompanion\scicompanionlib\debug\scriptdocument.obj
e:\documents\visual studio 2013\projects\scicompanion\scicompanionlib\debug\sounddoc.obj
e:\documents\visual studio 2013\projects\scicompanion\scicompanionlib\debug\textdoc.obj
e:\documents\visual studio 2013\projects\scicompanion\scicompanionlib\debug\vocabdoc.obj
e:\documents\visual studio 2013\projects\scicompanion\scicompanionlib\debug\cursorchildframe.obj
e:\documents\visual studio 2013\projects\scicompanion\scicompanionlib\debug\fontchildframe.obj
e:\documents\visual studio 2013\projects\scicompanion\scicompanionlib\debug\mainfrm.obj
e:\documents\visual studio 2013\projects\scicompanion\scicompanionlib\debug\mditabchildwnd.obj
e:\documents\visual studio 2013\projects\scicompanion\scicompanionlib\debug\picchildframe.obj
e:\documents\visual studio 2013\projects\scicompanion\scicompanionlib\debug\gameexplorerframe.obj
e:\documents\visual studio 2013\projects\scicompanion\scicompanionlib\debug\roomexplorerframe.obj
e:\documents\visual studio 2013\projects\scicompanion\scicompanionlib\debug\scriptframe.obj
e:\documents\visual studio 2013\projects\scicompanion\scicompanionlib\debug\soundchildframe.obj
e:\documents\visual studio 2013\projects\scicompanion\scicompanionlib\debug\textchildframe.obj
e:\documents\visual studio 2013\projects\scicompanion\scicompanionlib\debug\codetooltips.obj
e:\documents\visual studio 2013\projects\scicompanion\scicompanionlib\debug\colorbutton.obj
e:\documents\visual studio 2013\projects\scicompanion\scicompanionlib\debug\coloredtooltip.obj
e:\documents\visual studio 2013\projects\scicompanion\scicompanionlib\debug\extcontrolbarnox.obj
e:\documents\visual studio 2013\projects\scicompanion\scicompanionlib\debug\extdialogfwdcmd.obj
e:\documents\visual studio 2013\projects\scicompanion\scicompanionlib\debug\intellisenselistbox.obj
e:\documents\visual studio 2013\projects\scicompanion\scicompanionlib\debug\mditabsdialogbar.obj
e:\documents\visual studio 2013\projects\scicompanion\scicompanionlib\debug\noflickerstatic.obj
e:\documents\visual studio 2013\projects\scicompanion\scicompanionlib\debug\outputpane.obj
e:\documents\visual studio 2013\projects\scicompanion\scicompanionlib\debug\piccommandsidepane.obj
e:\documents\visual studio 2013\projects\scicompanion\scicompanionlib\debug\quickscripts.obj
e:\documents\visual studio 2013\projects\scicompanion\scicompanionlib\debug\rastersidepane.obj
e:\documents\visual studio 2013\projects\scicompanion\scicompanionlib\debug\resourcelistview.obj
e:\documents\visual studio 2013\projects\scicompanion\scicompanionlib\debug\resourcepiclistview.obj
e:\documents\visual studio 2013\projects\scicompanion\scicompanionlib\debug\resourcepreviewer.obj
e:\documents\visual studio 2013\projects\scicompanion\scicompanionlib\debug\scriptcombobox.obj
e:\documents\visual studio 2013\projects\scicompanion\scicompanionlib\debug\sliderdialogbar.obj
e:\documents\visual studio 2013\projects\scicompanion\scicompanionlib\debug\soundtoolboxsidepane.obj
e:\documents\visual studio 2013\projects\scicompanion\scicompanionlib\debug\viewcelchooser.obj
e:\documents\visual studio 2013\projects\scicompanion\scicompanionlib\debug\vpcdialogbar.obj
e:\documents\visual studio 2013\projects\scicompanion\scicompanionlib\debug\findworddialog.obj
e:\documents\visual studio 2013\projects\scicompanion\scicompanionlib\debug\gamepropertiesdialog.obj
e:\documents\visual studio 2013\projects\scicompanion\scicompanionlib\debug\gotodialog.obj
e:\documents\visual studio 2013\projects\scicompanion\scicompanionlib\debug\insertobject.obj
e:\documents\visual studio 2013\projects\scicompanion\scicompanionlib\debug\newcompiledialog.obj
e:\documents\visual studio 2013\projects\scicompanion\scicompanionlib\debug\newgamedialog.obj
e:\documents\visual studio 2013\projects\scicompanion\scicompanionlib\debug\newroomdialog.obj
e:\documents\visual studio 2013\projects\scicompanion\scicompanionlib\debug\newscriptdialog.obj
e:\documents\visual studio 2013\projects\scicompanion\scicompanionlib\debug\palettedefinitiondialog.obj
e:\documents\visual studio 2013\projects\scicompanion\scicompanionlib\debug\preferencesdialog.obj
e:\documents\visual studio 2013\projects\scicompanion\scicompanionlib\debug\removescriptdialog.obj
e:\documents\visual studio 2013\projects\scicompanion\scicompanionlib\debug\samplesdialogbar.obj
e:\documents\visual studio 2013\projects\scicompanion\scicompanionlib\debug\saveresourcedialog.obj
e:\documents\visual studio 2013\projects\scicompanion\scicompanionlib\debug\scifontdialog.obj
e:\documents\visual studio 2013\projects\scicompanion\scicompanionlib\debug\scipropertyctrl.obj
e:\documents\visual studio 2013\projects\scicompanion\scicompanionlib\debug\scipropertyinfo.obj
e:\documents\visual studio 2013\projects\scicompanion\scicompanionlib\debug\sciprops.obj
e:\documents\visual studio 2013\projects\scicompanion\scicompanionlib\debug\visualscriptdialog.obj
e:\documents\visual studio 2013\projects\scicompanion\scicompanionlib\debug\vocabautocompletedialog.obj
e:\documents\visual studio 2013\projects\scicompanion\scicompanionlib\debug\choosecolorstatic.obj
e:\documents\visual studio 2013\projects\scicompanion\scicompanionlib\debug\types.obj
e:\documents\visual studio 2013\projects\scicompanion\scicompanionlib\debug\format.obj
e:\documents\visual studio 2013\projects\scicompanion\scicompanionlib\debug\crc.obj
e:\documents\visual studio 2013\projects\scicompanion\scicompanionlib\debug\ccrystaleditview.obj
e:\documents\visual studio 2013\projects\scicompanion\scicompanionlib\debug\ccrystaltextbuffer.obj
e:\documents\visual studio 2013\projects\scicompanion\scicompanionlib\debug\ccrystaltextview.obj
e:\documents\visual studio 2013\projects\scicompanion\scicompanionlib\debug\ccrystaltextview2.obj
e:\documents\visual studio 2013\projects\scicompanion\scicompanionlib\debug\ceditreplacedlg.obj
e:\documents\visual studio 2013\projects\scicompanion\scicompanionlib\debug\cfindtextdlg.obj
e:\documents\visual studio 2013\projects\scicompanion\scicompanionlib\debug\animatedialog.obj
e:\documents\visual studio 2013\projects\scicompanion\scicompanionlib\debug\barcontainerdialog.obj
e:\documents\visual studio 2013\projects\scicompanion\scicompanionlib\debug\basecolordialog.obj
e:\documents\visual studio 2013\projects\scicompanion\scicompanionlib\debug\bitmaptopicdialog.obj
e:\documents\visual studio 2013\projects\scicompanion\scicompanionlib\debug\choosecoloradvanceddialog.obj
e:\documents\visual studio 2013\projects\scicompanion\scicompanionlib\debug\choosecolordialog.obj
e:\documents\visual studio 2013\projects\scicompanion\scicompanionlib\debug\choosepenstyledialog.obj
e:\documents\visual studio 2013\projects\scicompanion\scicompanionlib\debug\choosepricondialog.obj
e:\documents\visual studio 2013\projects\scicompanion\scicompanionlib\debug\classbrowserdialog.obj
e:\documents\visual studio 2013\projects\scicompanion\scicompanionlib\debug\dontshowagaindialog.obj
e:\documents\visual studio 2013\projects\scicompanion\scicompanionlib\debug\findalldialog.obj
e:\documents\visual studio 2013\projects\scicompanion\scicompanionlib\debug\extractall.obj
e:\documents\visual studio 2013\projects\scicompanion\scicompanionlib\debug\imageutil.obj
e:\documents\visual studio 2013\projects\scicompanion\scicompanionlib\debug\midiplayer.obj
e:\documents\visual studio 2013\projects\scicompanion\scicompanionlib\debug\soundutil.obj
e:\documents\visual studio 2013\projects\scicompanion\scicompanionlib\debug\compile.obj
e:\documents\visual studio 2013\projects\scicompanion\scicompanionlib\debug\compilecontext.obj
e:\documents\visual studio 2013\projects\scicompanion\scicompanionlib\debug\compiledscript.obj
e:\documents\visual studio 2013\projects\scicompanion\scicompanionlib\debug\cppsyntaxparser.obj
e:\documents\visual studio 2013\projects\scicompanion\scicompanionlib\debug\cpptokenizer.obj
e:\documents\visual studio 2013\projects\scicompanion\scicompanionlib\debug\decompilercore.obj
e:\documents\visual studio 2013\projects\scicompanion\scicompanionlib\debug\kernels.obj
e:\documents\visual studio 2013\projects\scicompanion\scicompanionlib\debug\parsercommon.obj
e:\documents\visual studio 2013\projects\scicompanion\scicompanionlib\debug\pmachine.obj
e:\documents\visual studio 2013\projects\scicompanion\scicompanionlib\debug\scii.obj
e:\documents\visual studio 2013\projects\scicompanion\scicompanionlib\debug\scistudiosyntaxparser.obj
e:\documents\visual studio 2013\projects\scicompanion\scicompanionlib\debug\sco.obj
e:\documents\visual studio 2013\projects\scicompanion\scicompanionlib\debug\scriptdebug.obj
e:\documents\visual studio 2013\projects\scicompanion\scicompanionlib\debug\scriptom.obj
e:\documents\visual studio 2013\projects\scicompanion\scicompanionlib\debug\scriptomtraverse.obj
e:\documents\visual studio 2013\projects\scicompanion\scicompanionlib\debug\syntaxparser.obj
e:\documents\visual studio 2013\projects\scicompanion\scicompanionlib\debug\palettechildframe.obj
e:\documents\visual studio 2013\projects\scicompanion\scicompanionlib\debug\paletteview.obj
e:\documents\visual studio 2013\projects\scicompanion\scicompanionlib\debug\font.obj
e:\documents\visual studio 2013\projects\scicompanion\scicompanionlib\debug\pic.obj
e:\documents\visual studio 2013\projects\scicompanion\scicompanionlib\debug\resourcemapoperations.obj
e:\documents\visual studio 2013\projects\scicompanion\scicompanionlib\debug\resourcesources.obj
e:\documents\visual studio 2013\projects\scicompanion\scicompanionlib\debug\message.obj
e:\documents\visual studio 2013\projects\scicompanion\scicompanionlib\debug\gameversiondialog.obj
e:\documents\visual studio 2013\projects\scicompanion\scicompanionlib\debug\paletteoperations.obj
e:\documents\visual studio 2013\projects\scicompanion\scicompanionlib\debug\soundoperations.obj
e:\documents\visual studio 2013\projects\scicompanion\scicompanionlib\debug\versiondetectionhelper.obj
e:\documents\visual studio 2013\projects\scicompanion\scicompanionlib\debug\view.obj
e:\documents\visual studio 2013\projects\scicompanion\scicompanionlib\debug\audioplayback.obj
e:\documents\visual studio 2013\projects\scicompanion\scicompanionlib\debug\codecalt.obj
e:\documents\visual studio 2013\projects\scicompanion\scicompanionlib\debug\sound.obj
e:\documents\visual studio 2013\projects\scicompanion\scicompanionlib\debug\scicompanionlib.obj
e:\documents\visual studio 2013\projects\scicompanion\scicompanionlib\debug\picoperations.obj
e:\documents\visual studio 2013\projects\scicompanion\scicompanionlib\debug\codecdcl-freesci.obj
e:\documents\visual studio 2013\projects\scicompanion\scicompanionlib\debug\codecdcl.obj
e:\documents\visual studio 2013\projects\scicompanion\scicompanionlib\debug\colorquantization.obj
e:\documents\visual studio 2013\projects\scicompanion\scicompanionlib\debug\cfgnode.obj
e:\documents\visual studio 2013\projects\scicompanion\scicompanionlib\debug\controlflowgraphviz.obj
e:\documents\visual studio 2013\projects\scicompanion\scicompanionlib\debug\decompilescript.obj
e:\documents\visual studio 2013\projects\scicompanion\scicompanionlib\debug\disassemblehelper.obj
e:\documents\visual studio 2013\projects\scicompanion\scicompanionlib\debug\disassembler.obj
e:\documents\visual studio 2013\projects\scicompanion\scicompanionlib\debug\controlflowgraph.obj
e:\documents\visual studio 2013\projects\scicompanion\scicompanionlib\debug\outputcodehelper.obj
e:\documents\visual studio 2013\projects\scicompanion\scicompanionlib\debug\outputcppsourcecode.obj
e:\documents\visual studio 2013\projects\scicompanion\scicompanionlib\debug\outputscisourcecode.obj
e:\documents\visual studio 2013\projects\scicompanion\scicompanionlib\debug\outputscistudiosourcecode.obj
e:\documents\visual studio 2013\projects\scicompanion\scicompanionlib\debug\summarizescript.obj
e:\documents\visual studio 2013\projects\scicompanion\scicompanionlib\debug\tarjanalgorithm.obj
e:\documents\visual studio 2013\projects\scicompanion\scicompanionlib\debug\bitmaptovgadialog.obj
e:\documents\visual studio 2013\projects\scicompanion\scicompanionlib\debug\choosecolordialogvga.obj
e:\documents\visual studio 2013\projects\scicompanion\scicompanionlib\debug\extractalldialog.obj
e:\documents\visual studio 2013\projects\scicompanion\scicompanionlib\debug\paletteeditordialog.obj
e:\documents\visual studio 2013\projects\scicompanion\scicompanionlib\debug\preparebitmapbase.obj
e:\documents\visual studio 2013\projects\scicompanion\scicompanionlib\debug\pichelperpane.obj
e:\documents\visual studio 2013\projects\scicompanion\scicompanionlib\debug\zoomcelstatic.obj
e:\documents\visual studio 2013\projects\scicompanion\scicompanionlib\debug\palettedoc.obj
e:\documents\visual studio 2013\projects\scicompanion\debug\scicompanionlib.lib
e:\documents\visual studio 2013\projects\scicompanion\scicompanionlib\scicompanionlib.res
e:\documents\visual studio 2013\projects\scicompanion\scicompanionlib\debug\scicompanionlib.tlog\cl.command.1.tlog
e:\documents\visual studio 2013\projects\scicompanion\scicompanionlib\debug\scicompanionlib.tlog\cl.read.1.tlog
e:\documents\visual studio 2013\projects\scicompanion\scicompanionlib\debug\scicompanionlib.tlog\cl.write.1.tlog
e:\documents\visual studio 2013\projects\scicompanion\scicompanionlib\debug\scicompanionlib.tlog\lib-link.read.1.tlog
e:\documents\visual studio 2013\projects\scicompanion\scicompanionlib\debug\scicompanionlib.tlog\lib-link.write.1.tlog
e:\documents\visual studio 2013\projects\scicompanion\scicompanionlib\debug\scicompanionlib.tlog\lib.command.1.tlog
e:\documents\visual studio 2013\projects\scicompanion\scicompanionlib\debug\scicompanionlib.tlog\rc.command.1.tlog
e:\documents\visual studio 2013\projects\scicompanion\scicompanionlib\debug\scicompanionlib.tlog\rc.read.1.tlog
e:\documents\visual studio 2013\projects\scicompanion\scicompanionlib\debug\scicompanionlib.tlog\rc.write.1.tlog
