Build started 6/1/2015 10:49:07 PM.
     1>Project "E:\Documents\Visual Studio 2013\Projects\SCICompanion\SCICompanion\SCICompanion.vcxproj" on node 2 (Build target(s)).
     1>ClCompile:
         F:\VisualStudio\VC\bin\CL.exe /c /I"E:\Documents\Visual Studio 2013\Projects\SCICompanion\SCICompanionLib\\" /I"E:\Documents\Visual Studio 2013\Projects\SCICompanion\Prof-UIS.2.92\Include" /I"E:\Documents\Visual Studio 2013\Projects\SCICompanion\SCICompanionLib\Src\Util" /I"E:\Documents\Visual Studio 2013\Projects\SCICompanion\SCICompanionLib\Src\Resources" /I"E:\Documents\Visual Studio 2013\Projects\SCICompanion\SCICompanionLib\Src\MFCViews" /I"E:\Documents\Visual Studio 2013\Projects\SCICompanion\SCICompanionLib\Src\MFCFrames" /I"E:\Documents\Visual Studio 2013\Projects\SCICompanion\SCICompanionLib\Src\MFCDocuments" /I"E:\Documents\Visual Studio 2013\Projects\SCICompanion\SCICompanionLib\Src\FrameComponents" /I"E:\Documents\Visual Studio 2013\Projects\SCICompanion\SCICompanionLib\Src\Dialogs" /I"E:\Documents\Visual Studio 2013\Projects\SCICompanion\SCICompanionLib\Src\CrystalEdit" /I"E:\Documents\Visual Studio 2013\Projects\SCICompanion\SCICompanionLib\Src\CRC32" /I"E:\Documents\Visual Studio 2013\Projects\SCICompanion\SCICompanionLib\Src\CppFormat" /I"E:\Documents\Visual Studio 2013\Projects\SCICompanion\SCICompanionLib\Src\Compile" /Zi /nologo /W3 /WX- /sdl /O2 /Oi /Oy- /GL /D WIN32 /D _WINDOWS /D NDEBUG /D _MBCS /Gm- /EHsc /MT /GS /Gy /fp:precise /Zc:wchar_t /Zc:forScope /Yc"stdafx.h" /Fp"Release\SCICompanion.pch" /Fo"Release\\" /Fd"Release\vc120.pdb" /Gd /TP /analyze- /errorReport:prompt stdafx.cpp
         stdafx.cpp
     1>F:\VisualStudio\VC\atlmfc\include\afx.h(38): warning C4996: 'MBCS_Support_Deprecated_In_MFC': MBCS support in MFC is deprecated and may be removed in a future version of MFC.
                 F:\VisualStudio\VC\atlmfc\include\afx.h(33) : see declaration of 'MBCS_Support_Deprecated_In_MFC'
            Automatically linking with Prof-UIS library: ProfUIS292sm.lib
               (Professional User Interface Suite)
         F:\VisualStudio\VC\bin\CL.exe /c /I"E:\Documents\Visual Studio 2013\Projects\SCICompanion\SCICompanionLib\\" /I"E:\Documents\Visual Studio 2013\Projects\SCICompanion\Prof-UIS.2.92\Include" /I"E:\Documents\Visual Studio 2013\Projects\SCICompanion\SCICompanionLib\Src\Util" /I"E:\Documents\Visual Studio 2013\Projects\SCICompanion\SCICompanionLib\Src\Resources" /I"E:\Documents\Visual Studio 2013\Projects\SCICompanion\SCICompanionLib\Src\MFCViews" /I"E:\Documents\Visual Studio 2013\Projects\SCICompanion\SCICompanionLib\Src\MFCFrames" /I"E:\Documents\Visual Studio 2013\Projects\SCICompanion\SCICompanionLib\Src\MFCDocuments" /I"E:\Documents\Visual Studio 2013\Projects\SCICompanion\SCICompanionLib\Src\FrameComponents" /I"E:\Documents\Visual Studio 2013\Projects\SCICompanion\SCICompanionLib\Src\Dialogs" /I"E:\Documents\Visual Studio 2013\Projects\SCICompanion\SCICompanionLib\Src\CrystalEdit" /I"E:\Documents\Visual Studio 2013\Projects\SCICompanion\SCICompanionLib\Src\CRC32" /I"E:\Documents\Visual Studio 2013\Projects\SCICompanion\SCICompanionLib\Src\CppFormat" /I"E:\Documents\Visual Studio 2013\Projects\SCICompanion\SCICompanionLib\Src\Compile" /Zi /nologo /W3 /WX- /sdl /O2 /Oi /Oy- /GL /D WIN32 /D _WINDOWS /D NDEBUG /D _MBCS /Gm- /EHsc /MT /GS /Gy /fp:precise /Zc:wchar_t /Zc:forScope /Yu"stdafx.h" /Fp"Release\SCICompanion.pch" /Fo"Release\\" /Fd"Release\vc120.pdb" /Gd /TP /analyze- /errorReport:prompt SCICompanion.cpp
         SCICompanion.cpp
       ResourceCompile:
         C:\Program Files (x86)\Windows Kits\8.1\bin\x86\rc.exe /D NDEBUG /l"0x0409" /IRelease\ /I"E:\Documents\Visual Studio 2013\Projects\SCICompanion\SCICompanionLib" /I"E:\Documents\Visual Studio 2013\Projects\SCICompanion\Prof-UIS.2.92\Include" /nologo /fo"Release\SCICompanion.res" SCICompanion.rc 
       Link:
         F:\VisualStudio\VC\bin\link.exe /ERRORREPORT:PROMPT /OUT:"E:\Documents\Visual Studio 2013\Projects\SCICompanion\Release\SCICompanion.exe" /INCREMENTAL:NO /NOLOGO /LIBPATH:"E:\Documents\Visual Studio 2013\Projects\SCICompanion\Prof-UIS.2.92\Bin_1000\\" /MANIFEST /MANIFESTUAC:"level='asInvoker' uiAccess='false'" /manifest:embed /manifestinput:res\SCICompanion.manifest /manifestinput:F:\VisualStudio\VC\Include\Manifest\dpiaware.manifest /DEBUG /PDB:"E:\Documents\Visual Studio 2013\Projects\SCICompanion\Release\SCICompanion.pdb" /SUBSYSTEM:WINDOWS /OPT:REF /OPT:ICF /LTCG /TLBID:1 /DYNAMICBASE /NXCOMPAT /IMPLIB:"E:\Documents\Visual Studio 2013\Projects\SCICompanion\Release\SCICompanion.lib" /MACHINE:X86 /PROFILE /SAFESEH Release\SCICompanion.res
         Release\SCICompanion.obj
         Release\stdafx.obj
         "E:\Documents\Visual Studio 2013\Projects\SCICompanion\Prof-UIS.2.92\Bin_1000\ProfUIS292sm.lib"
         "E:\Documents\Visual Studio 2013\Projects\SCICompanion\Release\SCICompanionLib.lib"
            Creating library E:\Documents\Visual Studio 2013\Projects\SCICompanion\Release\SCICompanion.lib and object E:\Documents\Visual Studio 2013\Projects\SCICompanion\Release\SCICompanion.exp
         Generating code
         Finished generating code
         SCICompanion.vcxproj -> E:\Documents\Visual Studio 2013\Projects\SCICompanion\Release\SCICompanion.exe
       PostBuildEvent:
         xcopy /S /Y /I /D "E:\Documents\Visual Studio 2013\Projects\SCICompanion\SCICompanion\Files\TemplateGame" "E:\Documents\Visual Studio 2013\Projects\SCICompanion\Release\TemplateGame"
         
         xcopy /S /Y /I /D "E:\Documents\Visual Studio 2013\Projects\SCICompanion\SCICompanion\Files\CompileInclude" "E:\Documents\Visual Studio 2013\Projects\SCICompanion\Release\include"
         xcopy /S /Y /I /D "E:\Documents\Visual Studio 2013\Projects\SCICompanion\SCICompanion\Help" "E:\Documents\Visual Studio 2013\Projects\SCICompanion\Release\Help"
         
         xcopy /S /Y /I /D "E:\Documents\Visual Studio 2013\Projects\SCICompanion\SCICompanion\Files\Samples" "E:\Documents\Visual Studio 2013\Projects\SCICompanion\Release\Samples"
         xcopy /S /Y /I /D "E:\Documents\Visual Studio 2013\Projects\SCICompanion\SCICompanion\Files\Decompiler" "E:\Documents\Visual Studio 2013\Projects\SCICompanion\Release\Decompiler"
         
         :VCEnd
         E:\Documents\Visual Studio 2013\Projects\SCICompanion\SCICompanion\Files\TemplateGame\SCI0\ADL.DRV
         E:\Documents\Visual Studio 2013\Projects\SCICompanion\SCICompanion\Files\TemplateGame\SCI0\EGA320.DRV
         E:\Documents\Visual Studio 2013\Projects\SCICompanion\SCICompanion\Files\TemplateGame\SCI0\game.bmp
         E:\Documents\Visual Studio 2013\Projects\SCICompanion\SCICompanion\Files\TemplateGame\SCI0\game.ini
         E:\Documents\Visual Studio 2013\Projects\SCICompanion\SCICompanion\Files\TemplateGame\SCI0\game.txt
         E:\Documents\Visual Studio 2013\Projects\SCICompanion\SCICompanion\Files\TemplateGame\SCI0\gm.drv
         E:\Documents\Visual Studio 2013\Projects\SCICompanion\SCICompanion\Files\TemplateGame\SCI0\IBMKBD.DRV
         E:\Documents\Visual Studio 2013\Projects\SCICompanion\SCICompanion\Files\TemplateGame\SCI0\JOYSTICK.DRV
         E:\Documents\Visual Studio 2013\Projects\SCICompanion\SCICompanion\Files\TemplateGame\SCI0\resource.001
         E:\Documents\Visual Studio 2013\Projects\SCICompanion\SCICompanion\Files\TemplateGame\SCI0\resource.cfg
         E:\Documents\Visual Studio 2013\Projects\SCICompanion\SCICompanion\Files\TemplateGame\SCI0\resource.map
         E:\Documents\Visual Studio 2013\Projects\SCICompanion\SCICompanion\Files\TemplateGame\SCI0\SCIV.EXE
         E:\Documents\Visual Studio 2013\Projects\SCICompanion\SCICompanion\Files\TemplateGame\SCI0\STD.DRV
         E:\Documents\Visual Studio 2013\Projects\SCICompanion\SCICompanion\Files\TemplateGame\SCI0\src\autodoor.sc
         E:\Documents\Visual Studio 2013\Projects\SCICompanion\SCICompanion\Files\TemplateGame\SCI0\src\autodoor.sco
         E:\Documents\Visual Studio 2013\Projects\SCICompanion\SCICompanion\Files\TemplateGame\SCI0\src\Avoid.sc
         E:\Documents\Visual Studio 2013\Projects\SCICompanion\SCICompanion\Files\TemplateGame\SCI0\src\Controls.sc
         E:\Documents\Visual Studio 2013\Projects\SCICompanion\SCICompanion\Files\TemplateGame\SCI0\src\controls.sco
         E:\Documents\Visual Studio 2013\Projects\SCICompanion\SCICompanion\Files\TemplateGame\SCI0\src\Cycle.sc
         E:\Documents\Visual Studio 2013\Projects\SCICompanion\SCICompanion\Files\TemplateGame\SCI0\src\cycle.sco
         E:\Documents\Visual Studio 2013\Projects\SCICompanion\SCICompanion\Files\TemplateGame\SCI0\src\DCIcon.sc
         E:\Documents\Visual Studio 2013\Projects\SCICompanion\SCICompanion\Files\TemplateGame\SCI0\src\dcicon.sco
         E:\Documents\Visual Studio 2013\Projects\SCICompanion\SCICompanion\Files\TemplateGame\SCI0\src\DisposeLoad.sc
         E:\Documents\Visual Studio 2013\Projects\SCICompanion\SCICompanion\Files\TemplateGame\SCI0\src\disposeload.sco
         E:\Documents\Visual Studio 2013\Projects\SCICompanion\SCICompanion\Files\TemplateGame\SCI0\src\door.sc
         E:\Documents\Visual Studio 2013\Projects\SCICompanion\SCICompanion\Files\TemplateGame\SCI0\src\door.sco
         E:\Documents\Visual Studio 2013\Projects\SCICompanion\SCICompanion\Files\TemplateGame\SCI0\src\dpath.sc
         E:\Documents\Visual Studio 2013\Projects\SCICompanion\SCICompanion\Files\TemplateGame\SCI0\src\dpath.sco
         E:\Documents\Visual Studio 2013\Projects\SCICompanion\SCICompanion\Files\TemplateGame\SCI0\src\dying.sc
         E:\Documents\Visual Studio 2013\Projects\SCICompanion\SCICompanion\Files\TemplateGame\SCI0\src\dying.sco
         E:\Documents\Visual Studio 2013\Projects\SCICompanion\SCICompanion\Files\TemplateGame\SCI0\src\extra.sc
         E:\Documents\Visual Studio 2013\Projects\SCICompanion\SCICompanion\Files\TemplateGame\SCI0\src\extra.sco
         E:\Documents\Visual Studio 2013\Projects\SCICompanion\SCICompanion\Files\TemplateGame\SCI0\src\Feature.sc
         E:\Documents\Visual Studio 2013\Projects\SCICompanion\SCICompanion\Files\TemplateGame\SCI0\src\feature.sco
         E:\Documents\Visual Studio 2013\Projects\SCICompanion\SCICompanion\Files\TemplateGame\SCI0\src\fileio.sc
         E:\Documents\Visual Studio 2013\Projects\SCICompanion\SCICompanion\Files\TemplateGame\SCI0\src\fileio.sco
         E:\Documents\Visual Studio 2013\Projects\SCICompanion\SCICompanion\Files\TemplateGame\SCI0\src\follow.sc
         E:\Documents\Visual Studio 2013\Projects\SCICompanion\SCICompanion\Files\TemplateGame\SCI0\src\follow.sco
         E:\Documents\Visual Studio 2013\Projects\SCICompanion\SCICompanion\Files\TemplateGame\SCI0\src\Game.sc
         E:\Documents\Visual Studio 2013\Projects\SCICompanion\SCICompanion\Files\TemplateGame\SCI0\src\game.sco
         E:\Documents\Visual Studio 2013\Projects\SCICompanion\SCICompanion\Files\TemplateGame\SCI0\src\game.sh
         E:\Documents\Visual Studio 2013\Projects\SCICompanion\SCICompanion\Files\TemplateGame\SCI0\src\gauge.sc
         E:\Documents\Visual Studio 2013\Projects\SCICompanion\SCICompanion\Files\TemplateGame\SCI0\src\gauge.sco
         E:\Documents\Visual Studio 2013\Projects\SCICompanion\SCICompanion\Files\TemplateGame\SCI0\src\initrooms.sc
         E:\Documents\Visual Studio 2013\Projects\SCICompanion\SCICompanion\Files\TemplateGame\SCI0\src\initrooms.sco
         E:\Documents\Visual Studio 2013\Projects\SCICompanion\SCICompanion\Files\TemplateGame\SCI0\src\inv.sc
         E:\Documents\Visual Studio 2013\Projects\SCICompanion\SCICompanion\Files\TemplateGame\SCI0\src\inv.sco
         E:\Documents\Visual Studio 2013\Projects\SCICompanion\SCICompanion\Files\TemplateGame\SCI0\src\jump.sc
         E:\Documents\Visual Studio 2013\Projects\SCICompanion\SCICompanion\Files\TemplateGame\SCI0\src\jump.sco
         E:\Documents\Visual Studio 2013\Projects\SCICompanion\SCICompanion\Files\TemplateGame\SCI0\src\Main.sc
         E:\Documents\Visual Studio 2013\Projects\SCICompanion\SCICompanion\Files\TemplateGame\SCI0\src\main.sco
         E:\Documents\Visual Studio 2013\Projects\SCICompanion\SCICompanion\Files\TemplateGame\SCI0\src\menubar.sc
         E:\Documents\Visual Studio 2013\Projects\SCICompanion\SCICompanion\Files\TemplateGame\SCI0\src\menubar.sco
         E:\Documents\Visual Studio 2013\Projects\SCICompanion\SCICompanion\Files\TemplateGame\SCI0\src\obj.sc
         E:\Documents\Visual Studio 2013\Projects\SCICompanion\SCICompanion\Files\TemplateGame\SCI0\src\obj.sco
         E:\Documents\Visual Studio 2013\Projects\SCICompanion\SCICompanion\Files\TemplateGame\SCI0\src\rev.sc
         E:\Documents\Visual Studio 2013\Projects\SCICompanion\SCICompanion\Files\TemplateGame\SCI0\src\rev.sco
         E:\Documents\Visual Studio 2013\Projects\SCICompanion\SCICompanion\Files\TemplateGame\SCI0\src\rm001.sc
         E:\Documents\Visual Studio 2013\Projects\SCICompanion\SCICompanion\Files\TemplateGame\SCI0\src\rm001.sco
         E:\Documents\Visual Studio 2013\Projects\SCICompanion\SCICompanion\Files\TemplateGame\SCI0\src\sound.sc
         E:\Documents\Visual Studio 2013\Projects\SCICompanion\SCICompanion\Files\TemplateGame\SCI0\src\sound.sco
         E:\Documents\Visual Studio 2013\Projects\SCICompanion\SCICompanion\Files\TemplateGame\SCI0\src\syswindow.sc
         E:\Documents\Visual Studio 2013\Projects\SCICompanion\SCICompanion\Files\TemplateGame\SCI0\src\syswindow.sco
         E:\Documents\Visual Studio 2013\Projects\SCICompanion\SCICompanion\Files\TemplateGame\SCI0\src\timer.sc
         E:\Documents\Visual Studio 2013\Projects\SCICompanion\SCICompanion\Files\TemplateGame\SCI0\src\timer.sco
         E:\Documents\Visual Studio 2013\Projects\SCICompanion\SCICompanion\Files\TemplateGame\SCI0\src\TitleScreen.sc
         E:\Documents\Visual Studio 2013\Projects\SCICompanion\SCICompanion\Files\TemplateGame\SCI0\src\titlescreen.sco
         E:\Documents\Visual Studio 2013\Projects\SCICompanion\SCICompanion\Files\TemplateGame\SCI0\src\User.sc
         E:\Documents\Visual Studio 2013\Projects\SCICompanion\SCICompanion\Files\TemplateGame\SCI0\src\user.sco
         E:\Documents\Visual Studio 2013\Projects\SCICompanion\SCICompanion\Files\TemplateGame\SCI0\src\wander.sc
         E:\Documents\Visual Studio 2013\Projects\SCICompanion\SCICompanion\Files\TemplateGame\SCI0\src\wander.sco
         E:\Documents\Visual Studio 2013\Projects\SCICompanion\SCICompanion\Files\TemplateGame\SCI0\src\window.sc
         E:\Documents\Visual Studio 2013\Projects\SCICompanion\SCICompanion\Files\TemplateGame\SCI0\src\window.sco
         E:\Documents\Visual Studio 2013\Projects\SCICompanion\SCICompanion\Files\TemplateGame\SCI1.1\ADL.DRV
         E:\Documents\Visual Studio 2013\Projects\SCICompanion\SCICompanion\Files\TemplateGame\SCI1.1\AUDBLAST.DRV
         E:\Documents\Visual Studio 2013\Projects\SCICompanion\SCICompanion\Files\TemplateGame\SCI1.1\AUDDISNY.DRV
         E:\Documents\Visual Studio 2013\Projects\SCICompanion\SCICompanion\Files\TemplateGame\SCI1.1\AUDGUS.DRV
         E:\Documents\Visual Studio 2013\Projects\SCICompanion\SCICompanion\Files\TemplateGame\SCI1.1\AUDMSSYS.DRV
         E:\Documents\Visual Studio 2013\Projects\SCICompanion\SCICompanion\Files\TemplateGame\SCI1.1\AUDNONE.DRV
         E:\Documents\Visual Studio 2013\Projects\SCICompanion\SCICompanion\Files\TemplateGame\SCI1.1\AUDPRO.DRV
         E:\Documents\Visual Studio 2013\Projects\SCICompanion\SCICompanion\Files\TemplateGame\SCI1.1\AUDPRO16.DRV
         E:\Documents\Visual Studio 2013\Projects\SCICompanion\SCICompanion\Files\TemplateGame\SCI1.1\AUDPS1.DRV
         E:\Documents\Visual Studio 2013\Projects\SCICompanion\SCICompanion\Files\TemplateGame\SCI1.1\AUDTHUND.DRV
         E:\Documents\Visual Studio 2013\Projects\SCICompanion\SCICompanion\Files\TemplateGame\SCI1.1\dosbox.conf
         E:\Documents\Visual Studio 2013\Projects\SCICompanion\SCICompanion\Files\TemplateGame\SCI1.1\game.ini
         E:\Documents\Visual Studio 2013\Projects\SCICompanion\SCICompanion\Files\TemplateGame\SCI1.1\GENMIDI.DRV
         E:\Documents\Visual Studio 2013\Projects\SCICompanion\SCICompanion\Files\TemplateGame\SCI1.1\GMGUS.DRV
         E:\Documents\Visual Studio 2013\Projects\SCICompanion\SCICompanion\Files\TemplateGame\SCI1.1\GUSDRV.COM
         E:\Documents\Visual Studio 2013\Projects\SCICompanion\SCICompanion\Files\TemplateGame\SCI1.1\IBMKBD.DRV
         E:\Documents\Visual Studio 2013\Projects\SCICompanion\SCICompanion\Files\TemplateGame\SCI1.1\IBMPS1.DRV
         E:\Documents\Visual Studio 2013\Projects\SCICompanion\SCICompanion\Files\TemplateGame\SCI1.1\INSTALL.EXE
         E:\Documents\Visual Studio 2013\Projects\SCICompanion\SCICompanion\Files\TemplateGame\SCI1.1\INSTALL.HLP
         E:\Documents\Visual Studio 2013\Projects\SCICompanion\SCICompanion\Files\TemplateGame\SCI1.1\INSTALL.SCR
         E:\Documents\Visual Studio 2013\Projects\SCICompanion\SCICompanion\Files\TemplateGame\SCI1.1\INSTALL.TXT
         E:\Documents\Visual Studio 2013\Projects\SCICompanion\SCICompanion\Files\TemplateGame\SCI1.1\INTERP.ERR
         E:\Documents\Visual Studio 2013\Projects\SCICompanion\SCICompanion\Files\TemplateGame\SCI1.1\LSL6.BAT
         E:\Documents\Visual Studio 2013\Projects\SCICompanion\SCICompanion\Files\TemplateGame\SCI1.1\MICROSOF.DRV
         E:\Documents\Visual Studio 2013\Projects\SCICompanion\SCICompanion\Files\TemplateGame\SCI1.1\MT32.DRV
         E:\Documents\Visual Studio 2013\Projects\SCICompanion\SCICompanion\Files\TemplateGame\SCI1.1\PROAUDIO.DRV
         E:\Documents\Visual Studio 2013\Projects\SCICompanion\SCICompanion\Files\TemplateGame\SCI1.1\README
         E:\Documents\Visual Studio 2013\Projects\SCICompanion\SCICompanion\Files\TemplateGame\SCI1.1\README.BAT
         E:\Documents\Visual Studio 2013\Projects\SCICompanion\SCICompanion\Files\TemplateGame\SCI1.1\resource.000
         E:\Documents\Visual Studio 2013\Projects\SCICompanion\SCICompanion\Files\TemplateGame\SCI1.1\RESOURCE.CFG
         E:\Documents\Visual Studio 2013\Projects\SCICompanion\SCICompanion\Files\TemplateGame\SCI1.1\resource.map
         E:\Documents\Visual Studio 2013\Projects\SCICompanion\SCICompanion\Files\TemplateGame\SCI1.1\resource.sfx
         E:\Documents\Visual Studio 2013\Projects\SCICompanion\SCICompanion\Files\TemplateGame\SCI1.1\run.cmd
         E:\Documents\Visual Studio 2013\Projects\SCICompanion\SCICompanion\Files\TemplateGame\SCI1.1\SBPRO.DRV
         E:\Documents\Visual Studio 2013\Projects\SCICompanion\SCICompanion\Files\TemplateGame\SCI1.1\SIERRA.EXE
         E:\Documents\Visual Studio 2013\Projects\SCICompanion\SCICompanion\Files\TemplateGame\SCI1.1\STD.DRV
         E:\Documents\Visual Studio 2013\Projects\SCICompanion\SCICompanion\Files\TemplateGame\SCI1.1\VERSION
         E:\Documents\Visual Studio 2013\Projects\SCICompanion\SCICompanion\Files\TemplateGame\SCI1.1\VGA320.DRV
         E:\Documents\Visual Studio 2013\Projects\SCICompanion\SCICompanion\Files\TemplateGame\SCI1.1\VGA320BW.DRV
         E:\Documents\Visual Studio 2013\Projects\SCICompanion\SCICompanion\Files\TemplateGame\SCI1.1\msg\0.shm
         E:\Documents\Visual Studio 2013\Projects\SCICompanion\SCICompanion\Files\TemplateGame\SCI1.1\msg\1.shm
         E:\Documents\Visual Studio 2013\Projects\SCICompanion\SCICompanion\Files\TemplateGame\SCI1.1\msg\105.shm
         E:\Documents\Visual Studio 2013\Projects\SCICompanion\SCICompanion\Files\TemplateGame\SCI1.1\msg\106.shm
         E:\Documents\Visual Studio 2013\Projects\SCICompanion\SCICompanion\Files\TemplateGame\SCI1.1\msg\110.shm
         E:\Documents\Visual Studio 2013\Projects\SCICompanion\SCICompanion\Files\TemplateGame\SCI1.1\msg\13.shm
         E:\Documents\Visual Studio 2013\Projects\SCICompanion\SCICompanion\Files\TemplateGame\SCI1.1\msg\15.shm
         E:\Documents\Visual Studio 2013\Projects\SCICompanion\SCICompanion\Files\TemplateGame\SCI1.1\src\aboutcode.sc
         E:\Documents\Visual Studio 2013\Projects\SCICompanion\SCICompanion\Files\TemplateGame\SCI1.1\src\aboutcode.sco
         E:\Documents\Visual Studio 2013\Projects\SCICompanion\SCICompanion\Files\TemplateGame\SCI1.1\src\animdialog.sc
         E:\Documents\Visual Studio 2013\Projects\SCICompanion\SCICompanion\Files\TemplateGame\SCI1.1\src\animdialog.sco
         E:\Documents\Visual Studio 2013\Projects\SCICompanion\SCICompanion\Files\TemplateGame\SCI1.1\src\answerbox.sco
         E:\Documents\Visual Studio 2013\Projects\SCICompanion\SCICompanion\Files\TemplateGame\SCI1.1\src\Approach.sc
         E:\Documents\Visual Studio 2013\Projects\SCICompanion\SCICompanion\Files\TemplateGame\SCI1.1\src\approach.sco
         E:\Documents\Visual Studio 2013\Projects\SCICompanion\SCICompanion\Files\TemplateGame\SCI1.1\src\bea.sco
         E:\Documents\Visual Studio 2013\Projects\SCICompanion\SCICompanion\Files\TemplateGame\SCI1.1\src\beaclimbsout.sco
         E:\Documents\Visual Studio 2013\Projects\SCICompanion\SCICompanion\Files\TemplateGame\SCI1.1\src\blink.sc
         E:\Documents\Visual Studio 2013\Projects\SCICompanion\SCICompanion\Files\TemplateGame\SCI1.1\src\blink.sco
         E:\Documents\Visual Studio 2013\Projects\SCICompanion\SCICompanion\Files\TemplateGame\SCI1.1\src\Blk.sc
         E:\Documents\Visual Studio 2013\Projects\SCICompanion\SCICompanion\Files\TemplateGame\SCI1.1\src\blk.sco
         E:\Documents\Visual Studio 2013\Projects\SCICompanion\SCICompanion\Files\TemplateGame\SCI1.1\src\BorderWindow.sc
         E:\Documents\Visual Studio 2013\Projects\SCICompanion\SCICompanion\Files\TemplateGame\SCI1.1\src\borderwindow.sco
         E:\Documents\Visual Studio 2013\Projects\SCICompanion\SCICompanion\Files\TemplateGame\SCI1.1\src\cat.sc
         E:\Documents\Visual Studio 2013\Projects\SCICompanion\SCICompanion\Files\TemplateGame\SCI1.1\src\cat.sco
         E:\Documents\Visual Studio 2013\Projects\SCICompanion\SCICompanion\Files\TemplateGame\SCI1.1\src\Chase.sc
         E:\Documents\Visual Studio 2013\Projects\SCICompanion\SCICompanion\Files\TemplateGame\SCI1.1\src\chase.sco
         E:\Documents\Visual Studio 2013\Projects\SCICompanion\SCICompanion\Files\TemplateGame\SCI1.1\src\clickmenu.sc
         E:\Documents\Visual Studio 2013\Projects\SCICompanion\SCICompanion\Files\TemplateGame\SCI1.1\src\clickmenu.sco
         E:\Documents\Visual Studio 2013\Projects\SCICompanion\SCICompanion\Files\TemplateGame\SCI1.1\src\cliffygoeswith.sco
         E:\Documents\Visual Studio 2013\Projects\SCICompanion\SCICompanion\Files\TemplateGame\SCI1.1\src\commandWindow.sc
         E:\Documents\Visual Studio 2013\Projects\SCICompanion\SCICompanion\Files\TemplateGame\SCI1.1\src\commandwindow.sco
         E:\Documents\Visual Studio 2013\Projects\SCICompanion\SCICompanion\Files\TemplateGame\SCI1.1\src\controls.sc
         E:\Documents\Visual Studio 2013\Projects\SCICompanion\SCICompanion\Files\TemplateGame\SCI1.1\src\Controls.sco
         E:\Documents\Visual Studio 2013\Projects\SCICompanion\SCICompanion\Files\TemplateGame\SCI1.1\src\crestpiece.sco
         E:\Documents\Visual Studio 2013\Projects\SCICompanion\SCICompanion\Files\TemplateGame\SCI1.1\src\cueobj.sc
         E:\Documents\Visual Studio 2013\Projects\SCICompanion\SCICompanion\Files\TemplateGame\SCI1.1\src\cueobj.sco
         E:\Documents\Visual Studio 2013\Projects\SCICompanion\SCICompanion\Files\TemplateGame\SCI1.1\src\cycle.sc
         E:\Documents\Visual Studio 2013\Projects\SCICompanion\SCICompanion\Files\TemplateGame\SCI1.1\src\cycle.sco
         E:\Documents\Visual Studio 2013\Projects\SCICompanion\SCICompanion\Files\TemplateGame\SCI1.1\src\DCIcon.sc
         E:\Documents\Visual Studio 2013\Projects\SCICompanion\SCICompanion\Files\TemplateGame\SCI1.1\src\dcicon.sco
         E:\Documents\Visual Studio 2013\Projects\SCICompanion\SCICompanion\Files\TemplateGame\SCI1.1\src\DColorButton.sc
         E:\Documents\Visual Studio 2013\Projects\SCICompanion\SCICompanion\Files\TemplateGame\SCI1.1\src\dcolorbutton.sco
         E:\Documents\Visual Studio 2013\Projects\SCICompanion\SCICompanion\Files\TemplateGame\SCI1.1\src\deathroom.sc
         E:\Documents\Visual Studio 2013\Projects\SCICompanion\SCICompanion\Files\TemplateGame\SCI1.1\src\deathroom.sco
         E:\Documents\Visual Studio 2013\Projects\SCICompanion\SCICompanion\Files\TemplateGame\SCI1.1\src\debughandler.sco
         E:\Documents\Visual Studio 2013\Projects\SCICompanion\SCICompanion\Files\TemplateGame\SCI1.1\src\debughandler_880.sco
         E:\Documents\Visual Studio 2013\Projects\SCICompanion\SCICompanion\Files\TemplateGame\SCI1.1\src\dicon.sc
         E:\Documents\Visual Studio 2013\Projects\SCICompanion\SCICompanion\Files\TemplateGame\SCI1.1\src\dicon.sco
         E:\Documents\Visual Studio 2013\Projects\SCICompanion\SCICompanion\Files\TemplateGame\SCI1.1\src\dinvd.sc
         E:\Documents\Visual Studio 2013\Projects\SCICompanion\SCICompanion\Files\TemplateGame\SCI1.1\src\dinvd.sco
         E:\Documents\Visual Studio 2013\Projects\SCICompanion\SCICompanion\Files\TemplateGame\SCI1.1\src\disposecode.sc
         E:\Documents\Visual Studio 2013\Projects\SCICompanion\SCICompanion\Files\TemplateGame\SCI1.1\src\disposecode.sco
         E:\Documents\Visual Studio 2013\Projects\SCICompanion\SCICompanion\Files\TemplateGame\SCI1.1\src\DisposeLoad.sc
         E:\Documents\Visual Studio 2013\Projects\SCICompanion\SCICompanion\Files\TemplateGame\SCI1.1\src\DisposeLoad.sco
         E:\Documents\Visual Studio 2013\Projects\SCICompanion\SCICompanion\Files\TemplateGame\SCI1.1\src\dlgwindow.sc
         E:\Documents\Visual Studio 2013\Projects\SCICompanion\SCICompanion\Files\TemplateGame\SCI1.1\src\dlgwindow.sco
         E:\Documents\Visual Studio 2013\Projects\SCICompanion\SCICompanion\Files\TemplateGame\SCI1.1\src\door.sc
         E:\Documents\Visual Studio 2013\Projects\SCICompanion\SCICompanion\Files\TemplateGame\SCI1.1\src\door.sco
         E:\Documents\Visual Studio 2013\Projects\SCICompanion\SCICompanion\Files\TemplateGame\SCI1.1\src\DPath.sc
         E:\Documents\Visual Studio 2013\Projects\SCICompanion\SCICompanion\Files\TemplateGame\SCI1.1\src\dpath.sco
         E:\Documents\Visual Studio 2013\Projects\SCICompanion\SCICompanion\Files\TemplateGame\SCI1.1\src\droole.sco
         E:\Documents\Visual Studio 2013\Projects\SCICompanion\SCICompanion\Files\TemplateGame\SCI1.1\src\ego.sc
         E:\Documents\Visual Studio 2013\Projects\SCICompanion\SCICompanion\Files\TemplateGame\SCI1.1\src\ego.sco
         E:\Documents\Visual Studio 2013\Projects\SCICompanion\SCICompanion\Files\TemplateGame\SCI1.1\src\eureka.sco
         E:\Documents\Visual Studio 2013\Projects\SCICompanion\SCICompanion\Files\TemplateGame\SCI1.1\src\feature.sc
         E:\Documents\Visual Studio 2013\Projects\SCICompanion\SCICompanion\Files\TemplateGame\SCI1.1\src\Feature.sco
         E:\Documents\Visual Studio 2013\Projects\SCICompanion\SCICompanion\Files\TemplateGame\SCI1.1\src\FeatureWriter.sc
         E:\Documents\Visual Studio 2013\Projects\SCICompanion\SCICompanion\Files\TemplateGame\SCI1.1\src\FeatureWriter.sco
         E:\Documents\Visual Studio 2013\Projects\SCICompanion\SCICompanion\Files\TemplateGame\SCI1.1\src\File.sc
         E:\Documents\Visual Studio 2013\Projects\SCICompanion\SCICompanion\Files\TemplateGame\SCI1.1\src\file.sco
         E:\Documents\Visual Studio 2013\Projects\SCICompanion\SCICompanion\Files\TemplateGame\SCI1.1\src\fileselector.sc
         E:\Documents\Visual Studio 2013\Projects\SCICompanion\SCICompanion\Files\TemplateGame\SCI1.1\src\fileselector.sco
         E:\Documents\Visual Studio 2013\Projects\SCICompanion\SCICompanion\Files\TemplateGame\SCI1.1\src\flags.sc
         E:\Documents\Visual Studio 2013\Projects\SCICompanion\SCICompanion\Files\TemplateGame\SCI1.1\src\flags.sco
         E:\Documents\Visual Studio 2013\Projects\SCICompanion\SCICompanion\Files\TemplateGame\SCI1.1\src\FlickerCycler.sc
         E:\Documents\Visual Studio 2013\Projects\SCICompanion\SCICompanion\Files\TemplateGame\SCI1.1\src\flickercycler.sco
         E:\Documents\Visual Studio 2013\Projects\SCICompanion\SCICompanion\Files\TemplateGame\SCI1.1\src\flip.sc
         E:\Documents\Visual Studio 2013\Projects\SCICompanion\SCICompanion\Files\TemplateGame\SCI1.1\src\Flip.sco
         E:\Documents\Visual Studio 2013\Projects\SCICompanion\SCICompanion\Files\TemplateGame\SCI1.1\src\flo.sco
         E:\Documents\Visual Studio 2013\Projects\SCICompanion\SCICompanion\Files\TemplateGame\SCI1.1\src\floatobj.sco
         E:\Documents\Visual Studio 2013\Projects\SCICompanion\SCICompanion\Files\TemplateGame\SCI1.1\src\Follow.sc
         E:\Documents\Visual Studio 2013\Projects\SCICompanion\SCICompanion\Files\TemplateGame\SCI1.1\src\follow.sco
         E:\Documents\Visual Studio 2013\Projects\SCICompanion\SCICompanion\Files\TemplateGame\SCI1.1\src\ForwardCounter.sc
         E:\Documents\Visual Studio 2013\Projects\SCICompanion\SCICompanion\Files\TemplateGame\SCI1.1\src\forwardcounter.sco
         E:\Documents\Visual Studio 2013\Projects\SCICompanion\SCICompanion\Files\TemplateGame\SCI1.1\src\fuse.sco
         E:\Documents\Visual Studio 2013\Projects\SCICompanion\SCICompanion\Files\TemplateGame\SCI1.1\src\game.sc
         E:\Documents\Visual Studio 2013\Projects\SCICompanion\SCICompanion\Files\TemplateGame\SCI1.1\src\game.sco
         E:\Documents\Visual Studio 2013\Projects\SCICompanion\SCICompanion\Files\TemplateGame\SCI1.1\src\game.sh
         E:\Documents\Visual Studio 2013\Projects\SCICompanion\SCICompanion\Files\TemplateGame\SCI1.1\src\gamecontrols.sc
         E:\Documents\Visual Studio 2013\Projects\SCICompanion\SCICompanion\Files\TemplateGame\SCI1.1\src\gamecontrols.sco
         E:\Documents\Visual Studio 2013\Projects\SCICompanion\SCICompanion\Files\TemplateGame\SCI1.1\src\gauge.sc
         E:\Documents\Visual Studio 2013\Projects\SCICompanion\SCICompanion\Files\TemplateGame\SCI1.1\src\gauge.sco
         E:\Documents\Visual Studio 2013\Projects\SCICompanion\SCICompanion\Files\TemplateGame\SCI1.1\src\genetix.sco
         E:\Documents\Visual Studio 2013\Projects\SCICompanion\SCICompanion\Files\TemplateGame\SCI1.1\src\GlobalPalettes.sc
         E:\Documents\Visual Studio 2013\Projects\SCICompanion\SCICompanion\Files\TemplateGame\SCI1.1\src\globalpalettes.sco
         E:\Documents\Visual Studio 2013\Projects\SCICompanion\SCICompanion\Files\TemplateGame\SCI1.1\src\GravMover.sc
         E:\Documents\Visual Studio 2013\Projects\SCICompanion\SCICompanion\Files\TemplateGame\SCI1.1\src\gravmover.sco
         E:\Documents\Visual Studio 2013\Projects\SCICompanion\SCICompanion\Files\TemplateGame\SCI1.1\src\grooper.sc
         E:\Documents\Visual Studio 2013\Projects\SCICompanion\SCICompanion\Files\TemplateGame\SCI1.1\src\grooper.sco
         E:\Documents\Visual Studio 2013\Projects\SCICompanion\SCICompanion\Files\TemplateGame\SCI1.1\src\Helpers.sc
         E:\Documents\Visual Studio 2013\Projects\SCICompanion\SCICompanion\Files\TemplateGame\SCI1.1\src\Helpers.sco
         E:\Documents\Visual Studio 2013\Projects\SCICompanion\SCICompanion\Files\TemplateGame\SCI1.1\src\iconi.sc
         E:\Documents\Visual Studio 2013\Projects\SCICompanion\SCICompanion\Files\TemplateGame\SCI1.1\src\iconi.sco
         E:\Documents\Visual Studio 2013\Projects\SCICompanion\SCICompanion\Files\TemplateGame\SCI1.1\src\inset.sc
         E:\Documents\Visual Studio 2013\Projects\SCICompanion\SCICompanion\Files\TemplateGame\SCI1.1\src\inset.sco
         E:\Documents\Visual Studio 2013\Projects\SCICompanion\SCICompanion\Files\TemplateGame\SCI1.1\src\invi.sc
         E:\Documents\Visual Studio 2013\Projects\SCICompanion\SCICompanion\Files\TemplateGame\SCI1.1\src\invi.sco
         E:\Documents\Visual Studio 2013\Projects\SCICompanion\SCICompanion\Files\TemplateGame\SCI1.1\src\jump.sc
         E:\Documents\Visual Studio 2013\Projects\SCICompanion\SCICompanion\Files\TemplateGame\SCI1.1\src\jump.sco
         E:\Documents\Visual Studio 2013\Projects\SCICompanion\SCICompanion\Files\TemplateGame\SCI1.1\src\keystuff.sco
         E:\Documents\Visual Studio 2013\Projects\SCICompanion\SCICompanion\Files\TemplateGame\SCI1.1\src\keystuff_242.sco
         E:\Documents\Visual Studio 2013\Projects\SCICompanion\SCICompanion\Files\TemplateGame\SCI1.1\src\kiz.sco
         E:\Documents\Visual Studio 2013\Projects\SCICompanion\SCICompanion\Files\TemplateGame\SCI1.1\src\lockdevice.sco
         E:\Documents\Visual Studio 2013\Projects\SCICompanion\SCICompanion\Files\TemplateGame\SCI1.1\src\logevent.sc
         E:\Documents\Visual Studio 2013\Projects\SCICompanion\SCICompanion\Files\TemplateGame\SCI1.1\src\logevent.sco
         E:\Documents\Visual Studio 2013\Projects\SCICompanion\SCICompanion\Files\TemplateGame\SCI1.1\src\main.sc
         E:\Documents\Visual Studio 2013\Projects\SCICompanion\SCICompanion\Files\TemplateGame\SCI1.1\src\main.sco
         E:\Documents\Visual Studio 2013\Projects\SCICompanion\SCICompanion\Files\TemplateGame\SCI1.1\src\mcyc.sc
         E:\Documents\Visual Studio 2013\Projects\SCICompanion\SCICompanion\Files\TemplateGame\SCI1.1\src\mcyc.sco
         E:\Documents\Visual Studio 2013\Projects\SCICompanion\SCICompanion\Files\TemplateGame\SCI1.1\src\messageobj.sc
         E:\Documents\Visual Studio 2013\Projects\SCICompanion\SCICompanion\Files\TemplateGame\SCI1.1\src\messageobj.sco
         E:\Documents\Visual Studio 2013\Projects\SCICompanion\SCICompanion\Files\TemplateGame\SCI1.1\src\messager.sc
         E:\Documents\Visual Studio 2013\Projects\SCICompanion\SCICompanion\Files\TemplateGame\SCI1.1\src\messager.sco
         E:\Documents\Visual Studio 2013\Projects\SCICompanion\SCICompanion\Files\TemplateGame\SCI1.1\src\MoveFwd.sc
         E:\Documents\Visual Studio 2013\Projects\SCICompanion\SCICompanion\Files\TemplateGame\SCI1.1\src\movefwd.sco
         E:\Documents\Visual Studio 2013\Projects\SCICompanion\SCICompanion\Files\TemplateGame\SCI1.1\src\multiprop.sco
         E:\Documents\Visual Studio 2013\Projects\SCICompanion\SCICompanion\Files\TemplateGame\SCI1.1\src\mypuke.sco
         E:\Documents\Visual Studio 2013\Projects\SCICompanion\SCICompanion\Files\TemplateGame\SCI1.1\src\n965.sc
         E:\Documents\Visual Studio 2013\Projects\SCICompanion\SCICompanion\Files\TemplateGame\SCI1.1\src\n965.sco
         E:\Documents\Visual Studio 2013\Projects\SCICompanion\SCICompanion\Files\TemplateGame\SCI1.1\src\n966.sc
         E:\Documents\Visual Studio 2013\Projects\SCICompanion\SCICompanion\Files\TemplateGame\SCI1.1\src\n966.sco
         E:\Documents\Visual Studio 2013\Projects\SCICompanion\SCICompanion\Files\TemplateGame\SCI1.1\src\n974.sc
         E:\Documents\Visual Studio 2013\Projects\SCICompanion\SCICompanion\Files\TemplateGame\SCI1.1\src\n974.sco
         E:\Documents\Visual Studio 2013\Projects\SCICompanion\SCICompanion\Files\TemplateGame\SCI1.1\src\obj.sc
         E:\Documents\Visual Studio 2013\Projects\SCICompanion\SCICompanion\Files\TemplateGame\SCI1.1\src\obj.sco
         E:\Documents\Visual Studio 2013\Projects\SCICompanion\SCICompanion\Files\TemplateGame\SCI1.1\src\Orbit.sc
         E:\Documents\Visual Studio 2013\Projects\SCICompanion\SCICompanion\Files\TemplateGame\SCI1.1\src\orbit.sco
         E:\Documents\Visual Studio 2013\Projects\SCICompanion\SCICompanion\Files\TemplateGame\SCI1.1\src\Osc.sc
         E:\Documents\Visual Studio 2013\Projects\SCICompanion\SCICompanion\Files\TemplateGame\SCI1.1\src\osc.sco
         E:\Documents\Visual Studio 2013\Projects\SCICompanion\SCICompanion\Files\TemplateGame\SCI1.1\src\Path.sc
         E:\Documents\Visual Studio 2013\Projects\SCICompanion\SCICompanion\Files\TemplateGame\SCI1.1\src\path.sco
         E:\Documents\Visual Studio 2013\Projects\SCICompanion\SCICompanion\Files\TemplateGame\SCI1.1\src\PAvoider.sc
         E:\Documents\Visual Studio 2013\Projects\SCICompanion\SCICompanion\Files\TemplateGame\SCI1.1\src\pavoider.sco
         E:\Documents\Visual Studio 2013\Projects\SCICompanion\SCICompanion\Files\TemplateGame\SCI1.1\src\pchase.sc
         E:\Documents\Visual Studio 2013\Projects\SCICompanion\SCICompanion\Files\TemplateGame\SCI1.1\src\pchase.sco
         E:\Documents\Visual Studio 2013\Projects\SCICompanion\SCICompanion\Files\TemplateGame\SCI1.1\src\pfollow.sc
         E:\Documents\Visual Studio 2013\Projects\SCICompanion\SCICompanion\Files\TemplateGame\SCI1.1\src\pfollow.sco
         E:\Documents\Visual Studio 2013\Projects\SCICompanion\SCICompanion\Files\TemplateGame\SCI1.1\src\polygon.sc
         E:\Documents\Visual Studio 2013\Projects\SCICompanion\SCICompanion\Files\TemplateGame\SCI1.1\src\polygon.sco
         E:\Documents\Visual Studio 2013\Projects\SCICompanion\SCICompanion\Files\TemplateGame\SCI1.1\src\polypath.sc
         E:\Documents\Visual Studio 2013\Projects\SCICompanion\SCICompanion\Files\TemplateGame\SCI1.1\src\polypath.sco
         E:\Documents\Visual Studio 2013\Projects\SCICompanion\SCICompanion\Files\TemplateGame\SCI1.1\src\print.sc
         E:\Documents\Visual Studio 2013\Projects\SCICompanion\SCICompanion\Files\TemplateGame\SCI1.1\src\print.sco
         E:\Documents\Visual Studio 2013\Projects\SCICompanion\SCICompanion\Files\TemplateGame\SCI1.1\src\prioritytalker.sc
         E:\Documents\Visual Studio 2013\Projects\SCICompanion\SCICompanion\Files\TemplateGame\SCI1.1\src\prioritytalker.sco
         E:\Documents\Visual Studio 2013\Projects\SCICompanion\SCICompanion\Files\TemplateGame\SCI1.1\src\PseudoMouse.sc
         E:\Documents\Visual Studio 2013\Projects\SCICompanion\SCICompanion\Files\TemplateGame\SCI1.1\src\pseudomouse.sco
         E:\Documents\Visual Studio 2013\Projects\SCICompanion\SCICompanion\Files\TemplateGame\SCI1.1\src\puke.sco
         E:\Documents\Visual Studio 2013\Projects\SCICompanion\SCICompanion\Files\TemplateGame\SCI1.1\src\punchcardinit.sco
         E:\Documents\Visual Studio 2013\Projects\SCICompanion\SCICompanion\Files\TemplateGame\SCI1.1\src\quirk.sco
         E:\Documents\Visual Studio 2013\Projects\SCICompanion\SCICompanion\Files\TemplateGame\SCI1.1\src\randcycle.sc
         E:\Documents\Visual Studio 2013\Projects\SCICompanion\SCICompanion\Files\TemplateGame\SCI1.1\src\randcycle.sco
         E:\Documents\Visual Studio 2013\Projects\SCICompanion\SCICompanion\Files\TemplateGame\SCI1.1\src\RegionPath.sc
         E:\Documents\Visual Studio 2013\Projects\SCICompanion\SCICompanion\Files\TemplateGame\SCI1.1\src\regionpath.sco
         E:\Documents\Visual Studio 2013\Projects\SCICompanion\SCICompanion\Files\TemplateGame\SCI1.1\src\RelDPath.sc
         E:\Documents\Visual Studio 2013\Projects\SCICompanion\SCICompanion\Files\TemplateGame\SCI1.1\src\reldpath.sco
         E:\Documents\Visual Studio 2013\Projects\SCICompanion\SCICompanion\Files\TemplateGame\SCI1.1\src\Rev.sc
         E:\Documents\Visual Studio 2013\Projects\SCICompanion\SCICompanion\Files\TemplateGame\SCI1.1\src\rev.sco
         E:\Documents\Visual Studio 2013\Projects\SCICompanion\SCICompanion\Files\TemplateGame\SCI1.1\src\rm001.sco
         E:\Documents\Visual Studio 2013\Projects\SCICompanion\SCICompanion\Files\TemplateGame\SCI1.1\src\rm100.sc
         E:\Documents\Visual Studio 2013\Projects\SCICompanion\SCICompanion\Files\TemplateGame\SCI1.1\src\rm100.sco
         E:\Documents\Visual Studio 2013\Projects\SCICompanion\SCICompanion\Files\TemplateGame\SCI1.1\src\rm105.sc
         E:\Documents\Visual Studio 2013\Projects\SCICompanion\SCICompanion\Files\TemplateGame\SCI1.1\src\rm105.sco
         E:\Documents\Visual Studio 2013\Projects\SCICompanion\SCICompanion\Files\TemplateGame\SCI1.1\src\rm106.sco
         E:\Documents\Visual Studio 2013\Projects\SCICompanion\SCICompanion\Files\TemplateGame\SCI1.1\src\rm110.sc
         E:\Documents\Visual Studio 2013\Projects\SCICompanion\SCICompanion\Files\TemplateGame\SCI1.1\src\rm110.sco
         E:\Documents\Visual Studio 2013\Projects\SCICompanion\SCICompanion\Files\TemplateGame\SCI1.1\src\ROsc.sc
         E:\Documents\Visual Studio 2013\Projects\SCICompanion\SCICompanion\Files\TemplateGame\SCI1.1\src\rosc.sco
         E:\Documents\Visual Studio 2013\Projects\SCICompanion\SCICompanion\Files\TemplateGame\SCI1.1\src\sbar.sco
         E:\Documents\Visual Studio 2013\Projects\SCICompanion\SCICompanion\Files\TemplateGame\SCI1.1\src\Scaler.sc
         E:\Documents\Visual Studio 2013\Projects\SCICompanion\SCICompanion\Files\TemplateGame\SCI1.1\src\scaler.sco
         E:\Documents\Visual Studio 2013\Projects\SCICompanion\SCICompanion\Files\TemplateGame\SCI1.1\src\ScaleTo.sc
         E:\Documents\Visual Studio 2013\Projects\SCICompanion\SCICompanion\Files\TemplateGame\SCI1.1\src\scaleto.sco
         E:\Documents\Visual Studio 2013\Projects\SCICompanion\SCICompanion\Files\TemplateGame\SCI1.1\src\ScrollableInventory.sc
         E:\Documents\Visual Studio 2013\Projects\SCICompanion\SCICompanion\Files\TemplateGame\SCI1.1\src\scrollableinventory.sco
         E:\Documents\Visual Studio 2013\Projects\SCICompanion\SCICompanion\Files\TemplateGame\SCI1.1\src\ScrollInsetWindow.sc
         E:\Documents\Visual Studio 2013\Projects\SCICompanion\SCICompanion\Files\TemplateGame\SCI1.1\src\scrollinsetwindow.sco
         E:\Documents\Visual Studio 2013\Projects\SCICompanion\SCICompanion\Files\TemplateGame\SCI1.1\src\sdistresscall.sco
         E:\Documents\Visual Studio 2013\Projects\SCICompanion\SCICompanion\Files\TemplateGame\SCI1.1\src\sdstarconchoices.sco
         E:\Documents\Visual Studio 2013\Projects\SCICompanion\SCICompanion\Files\TemplateGame\SCI1.1\src\section.sco
         E:\Documents\Visual Studio 2013\Projects\SCICompanion\SCICompanion\Files\TemplateGame\SCI1.1\src\seurekablobbed.sco
         E:\Documents\Visual Studio 2013\Projects\SCICompanion\SCICompanion\Files\TemplateGame\SCI1.1\src\shipchunk.sco
         E:\Documents\Visual Studio 2013\Projects\SCICompanion\SCICompanion\Files\TemplateGame\SCI1.1\src\sintheasteroids.sco
         E:\Documents\Visual Studio 2013\Projects\SCICompanion\SCICompanion\Files\TemplateGame\SCI1.1\src\slider.sc
         E:\Documents\Visual Studio 2013\Projects\SCICompanion\SCICompanion\Files\TemplateGame\SCI1.1\src\slider.sco
         E:\Documents\Visual Studio 2013\Projects\SCICompanion\SCICompanion\Files\TemplateGame\SCI1.1\src\SmoothLooper.sc
         E:\Documents\Visual Studio 2013\Projects\SCICompanion\SCICompanion\Files\TemplateGame\SCI1.1\src\smoothlooper.sco
         E:\Documents\Visual Studio 2013\Projects\SCICompanion\SCICompanion\Files\TemplateGame\SCI1.1\src\Smopper.sc
         E:\Documents\Visual Studio 2013\Projects\SCICompanion\SCICompanion\Files\TemplateGame\SCI1.1\src\smopper.sco
         E:\Documents\Visual Studio 2013\Projects\SCICompanion\SCICompanion\Files\TemplateGame\SCI1.1\src\sopendoors.sco
         E:\Documents\Visual Studio 2013\Projects\SCICompanion\SCICompanion\Files\TemplateGame\SCI1.1\src\sound.sc
         E:\Documents\Visual Studio 2013\Projects\SCICompanion\SCICompanion\Files\TemplateGame\SCI1.1\src\sound.sco
         E:\Documents\Visual Studio 2013\Projects\SCICompanion\SCICompanion\Files\TemplateGame\SCI1.1\src\SpeakWindow.sc
         E:\Documents\Visual Studio 2013\Projects\SCICompanion\SCICompanion\Files\TemplateGame\SCI1.1\src\speakwindow.sco
         E:\Documents\Visual Studio 2013\Projects\SCICompanion\SCICompanion\Files\TemplateGame\SCI1.1\src\spushbuttons.sco
         E:\Documents\Visual Studio 2013\Projects\SCICompanion\SCICompanion\Files\TemplateGame\SCI1.1\src\sq5controlitem.sc
         E:\Documents\Visual Studio 2013\Projects\SCICompanion\SCICompanion\Files\TemplateGame\SCI1.1\src\sq5controlitem.sco
         E:\Documents\Visual Studio 2013\Projects\SCICompanion\SCICompanion\Files\TemplateGame\SCI1.1\src\sq5invitem.sc
         E:\Documents\Visual Studio 2013\Projects\SCICompanion\SCICompanion\Files\TemplateGame\SCI1.1\src\sq5invitem.sco
         E:\Documents\Visual Studio 2013\Projects\SCICompanion\SCICompanion\Files\TemplateGame\SCI1.1\src\sqego.sc
         E:\Documents\Visual Studio 2013\Projects\SCICompanion\SCICompanion\Files\TemplateGame\SCI1.1\src\sqego.sco
         E:\Documents\Visual Studio 2013\Projects\SCICompanion\SCICompanion\Files\TemplateGame\SCI1.1\src\srdialog.sc
         E:\Documents\Visual Studio 2013\Projects\SCICompanion\SCICompanion\Files\TemplateGame\SCI1.1\src\srdialog.sco
         E:\Documents\Visual Studio 2013\Projects\SCICompanion\SCICompanion\Files\TemplateGame\SCI1.1\src\sspikecomments.sco
         E:\Documents\Visual Studio 2013\Projects\SCICompanion\SCICompanion\Files\TemplateGame\SCI1.1\src\ssquishmonkeys.sco
         E:\Documents\Visual Studio 2013\Projects\SCICompanion\SCICompanion\Files\TemplateGame\SCI1.1\src\sstartviewport.sco
         E:\Documents\Visual Studio 2013\Projects\SCICompanion\SCICompanion\Files\TemplateGame\SCI1.1\src\sstopeggtimer.sco
         E:\Documents\Visual Studio 2013\Projects\SCICompanion\SCICompanion\Files\TemplateGame\SCI1.1\src\starcon.sco
         E:\Documents\Visual Studio 2013\Projects\SCICompanion\SCICompanion\Files\TemplateGame\SCI1.1\src\StopWalk.sc
         E:\Documents\Visual Studio 2013\Projects\SCICompanion\SCICompanion\Files\TemplateGame\SCI1.1\src\stopwalk.sco
         E:\Documents\Visual Studio 2013\Projects\SCICompanion\SCICompanion\Files\TemplateGame\SCI1.1\src\strashpickup.sco
         E:\Documents\Visual Studio 2013\Projects\SCICompanion\SCICompanion\Files\TemplateGame\SCI1.1\src\svictimexit.sco
         E:\Documents\Visual Studio 2013\Projects\SCICompanion\SCICompanion\Files\TemplateGame\SCI1.1\src\swd40attacks.sco
         E:\Documents\Visual Studio 2013\Projects\SCICompanion\SCICompanion\Files\TemplateGame\SCI1.1\src\Sync.sc
         E:\Documents\Visual Studio 2013\Projects\SCICompanion\SCICompanion\Files\TemplateGame\SCI1.1\src\sync.sco
         E:\Documents\Visual Studio 2013\Projects\SCICompanion\SCICompanion\Files\TemplateGame\SCI1.1\src\syslogger.sco
         E:\Documents\Visual Studio 2013\Projects\SCICompanion\SCICompanion\Files\TemplateGame\SCI1.1\src\SysWindow.sc
         E:\Documents\Visual Studio 2013\Projects\SCICompanion\SCICompanion\Files\TemplateGame\SCI1.1\src\syswindow.sco
         E:\Documents\Visual Studio 2013\Projects\SCICompanion\SCICompanion\Files\TemplateGame\SCI1.1\src\Talkers.sh
         E:\Documents\Visual Studio 2013\Projects\SCICompanion\SCICompanion\Files\TemplateGame\SCI1.1\src\timer.sc
         E:\Documents\Visual Studio 2013\Projects\SCICompanion\SCICompanion\Files\TemplateGame\SCI1.1\src\timer.sco
         E:\Documents\Visual Studio 2013\Projects\SCICompanion\SCICompanion\Files\TemplateGame\SCI1.1\src\tkrcliffy.sco
         E:\Documents\Visual Studio 2013\Projects\SCICompanion\SCICompanion\Files\TemplateGame\SCI1.1\src\tkrroger.sco
         E:\Documents\Visual Studio 2013\Projects\SCICompanion\SCICompanion\Files\TemplateGame\SCI1.1\src\tkrwd40.sco
         E:\Documents\Visual Studio 2013\Projects\SCICompanion\SCICompanion\Files\TemplateGame\SCI1.1\src\tool.sco
         E:\Documents\Visual Studio 2013\Projects\SCICompanion\SCICompanion\Files\TemplateGame\SCI1.1\src\Track.sc
         E:\Documents\Visual Studio 2013\Projects\SCICompanion\SCICompanion\Files\TemplateGame\SCI1.1\src\track.sco
         E:\Documents\Visual Studio 2013\Projects\SCICompanion\SCICompanion\Files\TemplateGame\SCI1.1\src\tumbler.sco
         E:\Documents\Visual Studio 2013\Projects\SCICompanion\SCICompanion\Files\TemplateGame\SCI1.1\src\Tutorial.sc
         E:\Documents\Visual Studio 2013\Projects\SCICompanion\SCICompanion\Files\TemplateGame\SCI1.1\src\tutorial.sco
         E:\Documents\Visual Studio 2013\Projects\SCICompanion\SCICompanion\Files\TemplateGame\SCI1.1\src\user.sc
         E:\Documents\Visual Studio 2013\Projects\SCICompanion\SCICompanion\Files\TemplateGame\SCI1.1\src\user.sco
         E:\Documents\Visual Studio 2013\Projects\SCICompanion\SCICompanion\Files\TemplateGame\SCI1.1\src\velocitymover.sc
         E:\Documents\Visual Studio 2013\Projects\SCICompanion\SCICompanion\Files\TemplateGame\SCI1.1\src\velocitymover.sco
         E:\Documents\Visual Studio 2013\Projects\SCICompanion\SCICompanion\Files\TemplateGame\SCI1.1\src\Verbs.sh
         E:\Documents\Visual Studio 2013\Projects\SCICompanion\SCICompanion\Files\TemplateGame\SCI1.1\src\Wander.sc
         E:\Documents\Visual Studio 2013\Projects\SCICompanion\SCICompanion\Files\TemplateGame\SCI1.1\src\wander.sco
         359 File(s) copied
         E:\Documents\Visual Studio 2013\Projects\SCICompanion\SCICompanion\Files\CompileInclude\keys.sh
         E:\Documents\Visual Studio 2013\Projects\SCICompanion\SCICompanion\Files\CompileInclude\sci.sh
         2 File(s) copied
         0 File(s) copied
         E:\Documents\Visual Studio 2013\Projects\SCICompanion\SCICompanion\Files\Samples\palettes\DefaultPalette.bin
         1 File(s) copied
         E:\Documents\Visual Studio 2013\Projects\SCICompanion\SCICompanion\Files\Decompiler\Decompiler.ini
         1 File(s) copied
     1>Done Building Project "E:\Documents\Visual Studio 2013\Projects\SCICompanion\SCICompanion\SCICompanion.vcxproj" (Build target(s)).

Build succeeded.

Time Elapsed 00:01:01.52
