e:\documents\visual studio 2013\projects\scicompanion\scicompanionlib\release\vc120.pdb
e:\documents\visual studio 2013\projects\scicompanion\scicompanionlib\release\paletteeditordialog.obj
e:\documents\visual studio 2013\projects\scicompanion\scicompanionlib\release\extractalldialog.obj
e:\documents\visual studio 2013\projects\scicompanion\scicompanionlib\release\decompiledialog.obj
e:\documents\visual studio 2013\projects\scicompanion\scicompanionlib\release\choosecolordialogvga.obj
e:\documents\visual studio 2013\projects\scicompanion\scicompanionlib\release\bitmaptovgadialog.obj
e:\documents\visual studio 2013\projects\scicompanion\scicompanionlib\release\tarjanalgorithm.obj
e:\documents\visual studio 2013\projects\scicompanion\scicompanionlib\release\summarizescript.obj
e:\documents\visual studio 2013\projects\scicompanion\scicompanionlib\release\outputscistudiosourcecode.obj
e:\documents\visual studio 2013\projects\scicompanion\scicompanionlib\release\outputscisourcecode.obj
e:\documents\visual studio 2013\projects\scicompanion\scicompanionlib\release\outputcppsourcecode.obj
e:\documents\visual studio 2013\projects\scicompanion\scicompanionlib\release\outputcodehelper.obj
e:\documents\visual studio 2013\projects\scicompanion\scicompanionlib\release\controlflowgraph.obj
e:\documents\visual studio 2013\projects\scicompanion\scicompanionlib\release\disassembler.obj
e:\documents\visual studio 2013\projects\scicompanion\scicompanionlib\release\disassemblehelper.obj
e:\documents\visual studio 2013\projects\scicompanion\scicompanionlib\release\decompilescript.obj
e:\documents\visual studio 2013\projects\scicompanion\scicompanionlib\release\decompilernew.obj
e:\documents\visual studio 2013\projects\scicompanion\scicompanionlib\release\decompilerfallback.obj
e:\documents\visual studio 2013\projects\scicompanion\scicompanionlib\release\controlflowgraphviz.obj
e:\documents\visual studio 2013\projects\scicompanion\scicompanionlib\release\controlflownode.obj
e:\documents\visual studio 2013\projects\scicompanion\scicompanionlib\release\autodetectvariablenames.obj
e:\documents\visual studio 2013\projects\scicompanion\scicompanionlib\release\audioplayback.obj
e:\documents\visual studio 2013\projects\scicompanion\scicompanionlib\release\view.obj
e:\documents\visual studio 2013\projects\scicompanion\scicompanionlib\release\versiondetectionhelper.obj
e:\documents\visual studio 2013\projects\scicompanion\scicompanionlib\release\soundoperations.obj
e:\documents\visual studio 2013\projects\scicompanion\scicompanionlib\release\paletteoperations.obj
e:\documents\visual studio 2013\projects\scicompanion\scicompanionlib\release\gameversiondialog.obj
e:\documents\visual studio 2013\projects\scicompanion\scicompanionlib\release\message.obj
e:\documents\visual studio 2013\projects\scicompanion\scicompanionlib\release\resourcesources.obj
e:\documents\visual studio 2013\projects\scicompanion\scicompanionlib\release\resourcemapoperations.obj
e:\documents\visual studio 2013\projects\scicompanion\scicompanionlib\release\pic.obj
e:\documents\visual studio 2013\projects\scicompanion\scicompanionlib\release\gamefolderhelper.obj
e:\documents\visual studio 2013\projects\scicompanion\scicompanionlib\release\audiomap.obj
e:\documents\visual studio 2013\projects\scicompanion\scicompanionlib\release\font.obj
e:\documents\visual studio 2013\projects\scicompanion\scicompanionlib\release\audio.obj
e:\documents\visual studio 2013\projects\scicompanion\scicompanionlib\release\paletteview.obj
e:\documents\visual studio 2013\projects\scicompanion\scicompanionlib\release\palettechildframe.obj
e:\documents\visual studio 2013\projects\scicompanion\scicompanionlib\release\palettedoc.obj
e:\documents\visual studio 2013\projects\scicompanion\scicompanionlib\release\zoomcelstatic.obj
e:\documents\visual studio 2013\projects\scicompanion\scicompanionlib\release\pichelperpane.obj
e:\documents\visual studio 2013\projects\scicompanion\scicompanionlib\release\preparebitmapbase.obj
e:\documents\visual studio 2013\projects\scicompanion\scicompanionlib\release\pmachine.obj
e:\documents\visual studio 2013\projects\scicompanion\scicompanionlib\release\parsercommon.obj
e:\documents\visual studio 2013\projects\scicompanion\scicompanionlib\release\kernels.obj
e:\documents\visual studio 2013\projects\scicompanion\scicompanionlib\release\decompilercore.obj
e:\documents\visual studio 2013\projects\scicompanion\scicompanionlib\release\cpptokenizer.obj
e:\documents\visual studio 2013\projects\scicompanion\scicompanionlib\release\cppsyntaxparser.obj
e:\documents\visual studio 2013\projects\scicompanion\scicompanionlib\release\compiledscript.obj
e:\documents\visual studio 2013\projects\scicompanion\scicompanionlib\release\compilecontext.obj
e:\documents\visual studio 2013\projects\scicompanion\scicompanionlib\release\compile.obj
e:\documents\visual studio 2013\projects\scicompanion\scicompanionlib\release\soundutil.obj
e:\documents\visual studio 2013\projects\scicompanion\scicompanionlib\release\midiplayer.obj
e:\documents\visual studio 2013\projects\scicompanion\scicompanionlib\release\imageutil.obj
e:\documents\visual studio 2013\projects\scicompanion\scicompanionlib\release\extractall.obj
e:\documents\visual studio 2013\projects\scicompanion\scicompanionlib\release\colorquantization.obj
e:\documents\visual studio 2013\projects\scicompanion\scicompanionlib\release\codecdcl.obj
e:\documents\visual studio 2013\projects\scicompanion\scicompanionlib\release\codecdcl-freesci.obj
e:\documents\visual studio 2013\projects\scicompanion\scicompanionlib\release\picoperations.obj
e:\documents\visual studio 2013\projects\scicompanion\scicompanionlib\release\scicompanionlib.obj
e:\documents\visual studio 2013\projects\scicompanion\scicompanionlib\release\sound.obj
e:\documents\visual studio 2013\projects\scicompanion\scicompanionlib\release\codecalt.obj
e:\documents\visual studio 2013\projects\scicompanion\scicompanionlib\release\bitmaptopicdialog.obj
e:\documents\visual studio 2013\projects\scicompanion\scicompanionlib\release\basecolordialog.obj
e:\documents\visual studio 2013\projects\scicompanion\scicompanionlib\release\barcontainerdialog.obj
e:\documents\visual studio 2013\projects\scicompanion\scicompanionlib\release\animatedialog.obj
e:\documents\visual studio 2013\projects\scicompanion\scicompanionlib\release\cfindtextdlg.obj
e:\documents\visual studio 2013\projects\scicompanion\scicompanionlib\release\ceditreplacedlg.obj
e:\documents\visual studio 2013\projects\scicompanion\scicompanionlib\release\ccrystaltextview2.obj
e:\documents\visual studio 2013\projects\scicompanion\scicompanionlib\release\ccrystaltextview.obj
e:\documents\visual studio 2013\projects\scicompanion\scicompanionlib\release\ccrystaltextbuffer.obj
e:\documents\visual studio 2013\projects\scicompanion\scicompanionlib\release\ccrystaleditview.obj
e:\documents\visual studio 2013\projects\scicompanion\scicompanionlib\release\crc.obj
e:\documents\visual studio 2013\projects\scicompanion\scicompanionlib\release\format.obj
e:\documents\visual studio 2013\projects\scicompanion\scicompanionlib\release\types.obj
e:\documents\visual studio 2013\projects\scicompanion\scicompanionlib\release\syntaxparser.obj
e:\documents\visual studio 2013\projects\scicompanion\scicompanionlib\release\scriptomtraverse.obj
e:\documents\visual studio 2013\projects\scicompanion\scicompanionlib\release\scriptom.obj
e:\documents\visual studio 2013\projects\scicompanion\scicompanionlib\release\scriptdebug.obj
e:\documents\visual studio 2013\projects\scicompanion\scicompanionlib\release\sco.obj
e:\documents\visual studio 2013\projects\scicompanion\scicompanionlib\release\scistudiosyntaxparser.obj
e:\documents\visual studio 2013\projects\scicompanion\scicompanionlib\release\scii.obj
e:\documents\visual studio 2013\projects\scicompanion\scicompanionlib\release\saveresourcedialog.obj
e:\documents\visual studio 2013\projects\scicompanion\scicompanionlib\release\samplesdialogbar.obj
e:\documents\visual studio 2013\projects\scicompanion\scicompanionlib\release\removescriptdialog.obj
e:\documents\visual studio 2013\projects\scicompanion\scicompanionlib\release\preferencesdialog.obj
e:\documents\visual studio 2013\projects\scicompanion\scicompanionlib\release\palettedefinitiondialog.obj
e:\documents\visual studio 2013\projects\scicompanion\scicompanionlib\release\newscriptdialog.obj
e:\documents\visual studio 2013\projects\scicompanion\scicompanionlib\release\newroomdialog.obj
e:\documents\visual studio 2013\projects\scicompanion\scicompanionlib\release\newgamedialog.obj
e:\documents\visual studio 2013\projects\scicompanion\scicompanionlib\release\newcompiledialog.obj
e:\documents\visual studio 2013\projects\scicompanion\scicompanionlib\release\insertobject.obj
e:\documents\visual studio 2013\projects\scicompanion\scicompanionlib\release\gotodialog.obj
e:\documents\visual studio 2013\projects\scicompanion\scicompanionlib\release\gamepropertiesdialog.obj
e:\documents\visual studio 2013\projects\scicompanion\scicompanionlib\release\findworddialog.obj
e:\documents\visual studio 2013\projects\scicompanion\scicompanionlib\release\findalldialog.obj
e:\documents\visual studio 2013\projects\scicompanion\scicompanionlib\release\dontshowagaindialog.obj
e:\documents\visual studio 2013\projects\scicompanion\scicompanionlib\release\classbrowserdialog.obj
e:\documents\visual studio 2013\projects\scicompanion\scicompanionlib\release\choosepricondialog.obj
e:\documents\visual studio 2013\projects\scicompanion\scicompanionlib\release\choosepenstyledialog.obj
e:\documents\visual studio 2013\projects\scicompanion\scicompanionlib\release\choosecolordialog.obj
e:\documents\visual studio 2013\projects\scicompanion\scicompanionlib\release\choosecoloradvanceddialog.obj
e:\documents\visual studio 2013\projects\scicompanion\scicompanionlib\release\resourcelistview.obj
e:\documents\visual studio 2013\projects\scicompanion\scicompanionlib\release\rastersidepane.obj
e:\documents\visual studio 2013\projects\scicompanion\scicompanionlib\release\quickscripts.obj
e:\documents\visual studio 2013\projects\scicompanion\scicompanionlib\release\piccommandsidepane.obj
e:\documents\visual studio 2013\projects\scicompanion\scicompanionlib\release\outputpane.obj
e:\documents\visual studio 2013\projects\scicompanion\scicompanionlib\release\noflickerstatic.obj
e:\documents\visual studio 2013\projects\scicompanion\scicompanionlib\release\mditabsdialogbar.obj
e:\documents\visual studio 2013\projects\scicompanion\scicompanionlib\release\intellisenselistbox.obj
e:\documents\visual studio 2013\projects\scicompanion\scicompanionlib\release\extdialogfwdcmd.obj
e:\documents\visual studio 2013\projects\scicompanion\scicompanionlib\release\extcontrolbarnox.obj
e:\documents\visual studio 2013\projects\scicompanion\scicompanionlib\release\coloredtooltip.obj
e:\documents\visual studio 2013\projects\scicompanion\scicompanionlib\release\colorbutton.obj
e:\documents\visual studio 2013\projects\scicompanion\scicompanionlib\release\codetooltips.obj
e:\documents\visual studio 2013\projects\scicompanion\scicompanionlib\release\choosecolorstatic.obj
e:\documents\visual studio 2013\projects\scicompanion\scicompanionlib\release\vocabautocompletedialog.obj
e:\documents\visual studio 2013\projects\scicompanion\scicompanionlib\release\visualscriptdialog.obj
e:\documents\visual studio 2013\projects\scicompanion\scicompanionlib\release\sciprops.obj
e:\documents\visual studio 2013\projects\scicompanion\scicompanionlib\release\scipropertyinfo.obj
e:\documents\visual studio 2013\projects\scicompanion\scicompanionlib\release\scipropertyctrl.obj
e:\documents\visual studio 2013\projects\scicompanion\scicompanionlib\release\scifontdialog.obj
e:\documents\visual studio 2013\projects\scicompanion\scicompanionlib\release\mainfrm.obj
e:\documents\visual studio 2013\projects\scicompanion\scicompanionlib\release\fontchildframe.obj
e:\documents\visual studio 2013\projects\scicompanion\scicompanionlib\release\cursorchildframe.obj
e:\documents\visual studio 2013\projects\scicompanion\scicompanionlib\release\vocabdoc.obj
e:\documents\visual studio 2013\projects\scicompanion\scicompanionlib\release\textdoc.obj
e:\documents\visual studio 2013\projects\scicompanion\scicompanionlib\release\sounddoc.obj
e:\documents\visual studio 2013\projects\scicompanion\scicompanionlib\release\scriptdocument.obj
e:\documents\visual studio 2013\projects\scicompanion\scicompanionlib\release\roomexplorerdoc.obj
e:\documents\visual studio 2013\projects\scicompanion\scicompanionlib\release\resourcelistdoc.obj
e:\documents\visual studio 2013\projects\scicompanion\scicompanionlib\release\resourcedocument.obj
e:\documents\visual studio 2013\projects\scicompanion\scicompanionlib\release\picdoc.obj
e:\documents\visual studio 2013\projects\scicompanion\scicompanionlib\release\nonviewhostdocument.obj
e:\documents\visual studio 2013\projects\scicompanion\scicompanionlib\release\newrasterresourcedocument.obj
e:\documents\visual studio 2013\projects\scicompanion\scicompanionlib\release\vpcdialogbar.obj
e:\documents\visual studio 2013\projects\scicompanion\scicompanionlib\release\viewcelchooser.obj
e:\documents\visual studio 2013\projects\scicompanion\scicompanionlib\release\soundtoolboxsidepane.obj
e:\documents\visual studio 2013\projects\scicompanion\scicompanionlib\release\sliderdialogbar.obj
e:\documents\visual studio 2013\projects\scicompanion\scicompanionlib\release\scriptcombobox.obj
e:\documents\visual studio 2013\projects\scicompanion\scicompanionlib\release\resourcepreviewer.obj
e:\documents\visual studio 2013\projects\scicompanion\scicompanionlib\release\resourcepiclistview.obj
e:\documents\visual studio 2013\projects\scicompanion\scicompanionlib\release\components.obj
e:\documents\visual studio 2013\projects\scicompanion\scicompanionlib\release\vocabview.obj
e:\documents\visual studio 2013\projects\scicompanion\scicompanionlib\release\textview.obj
e:\documents\visual studio 2013\projects\scicompanion\scicompanionlib\release\soundview.obj
e:\documents\visual studio 2013\projects\scicompanion\scicompanionlib\release\scriptview.obj
e:\documents\visual studio 2013\projects\scicompanion\scicompanionlib\release\roomexplorerview.obj
e:\documents\visual studio 2013\projects\scicompanion\scicompanionlib\release\gameexplorerview.obj
e:\documents\visual studio 2013\projects\scicompanion\scicompanionlib\release\rasterview.obj
e:\documents\visual studio 2013\projects\scicompanion\scicompanionlib\release\rasterresourcelistview.obj
e:\documents\visual studio 2013\projects\scicompanion\scicompanionlib\release\picview.obj
e:\documents\visual studio 2013\projects\scicompanion\scicompanionlib\release\fontpreviewview.obj
e:\documents\visual studio 2013\projects\scicompanion\scicompanionlib\release\vocabchildframe.obj
e:\documents\visual studio 2013\projects\scicompanion\scicompanionlib\release\viewchildframe.obj
e:\documents\visual studio 2013\projects\scicompanion\scicompanionlib\release\textchildframe.obj
e:\documents\visual studio 2013\projects\scicompanion\scicompanionlib\release\soundchildframe.obj
e:\documents\visual studio 2013\projects\scicompanion\scicompanionlib\release\scriptframe.obj
e:\documents\visual studio 2013\projects\scicompanion\scicompanionlib\release\roomexplorerframe.obj
e:\documents\visual studio 2013\projects\scicompanion\scicompanionlib\release\gameexplorerframe.obj
e:\documents\visual studio 2013\projects\scicompanion\scicompanionlib\release\picchildframe.obj
e:\documents\visual studio 2013\projects\scicompanion\scicompanionlib\release\mditabchildwnd.obj
e:\documents\visual studio 2013\projects\scicompanion\scicompanionlib\release\crystalscriptstream.obj
e:\documents\visual studio 2013\projects\scicompanion\scicompanionlib\release\codec.obj
e:\documents\visual studio 2013\projects\scicompanion\scicompanionlib\release\codeautocomplete.obj
e:\documents\visual studio 2013\projects\scicompanion\scicompanionlib\release\classbrowserinfo.obj
e:\documents\visual studio 2013\projects\scicompanion\scicompanionlib\release\classbrowser.obj
e:\documents\visual studio 2013\projects\scicompanion\scicompanionlib\release\appstate.obj
e:\documents\visual studio 2013\projects\scicompanion\scicompanionlib\release\vocab99x.obj
e:\documents\visual studio 2013\projects\scicompanion\scicompanionlib\release\vocab000.obj
e:\documents\visual studio 2013\projects\scicompanion\scicompanionlib\release\resourcetypelist.obj
e:\documents\visual studio 2013\projects\scicompanion\scicompanionlib\release\resourcerecency.obj
e:\documents\visual studio 2013\projects\scicompanion\scicompanionlib\release\resourcemap.obj
e:\documents\visual studio 2013\projects\scicompanion\scicompanionlib\release\resourceentity.obj
e:\documents\visual studio 2013\projects\scicompanion\scicompanionlib\release\resourceblob.obj
e:\documents\visual studio 2013\projects\scicompanion\scicompanionlib\release\resourcecontainer.obj
e:\documents\visual studio 2013\projects\scicompanion\scicompanionlib\release\resourceutil.obj
e:\documents\visual studio 2013\projects\scicompanion\scicompanionlib\release\rasteroperations.obj
e:\documents\visual studio 2013\projects\scicompanion\scicompanionlib\release\picdrawmanager.obj
e:\documents\visual studio 2013\projects\scicompanion\scicompanionlib\release\piccommands.obj
e:\documents\visual studio 2013\projects\scicompanion\scicompanionlib\release\fontoperations.obj
e:\documents\visual studio 2013\projects\scicompanion\scicompanionlib\release\cursor.obj
e:\documents\visual studio 2013\projects\scicompanion\scicompanionlib\release\text.obj
e:\documents\visual studio 2013\projects\scicompanion\scicompanionlib\release\wordenumstring.obj
e:\documents\visual studio 2013\projects\scicompanion\scicompanionlib\release\version.obj
e:\documents\visual studio 2013\projects\scicompanion\scicompanionlib\release\util.obj
e:\documents\visual studio 2013\projects\scicompanion\scicompanionlib\release\stream.obj
e:\documents\visual studio 2013\projects\scicompanion\scicompanionlib\release\scidocs.obj
e:\documents\visual studio 2013\projects\scicompanion\scicompanionlib\release\drawhelper.obj
e:\documents\visual studio 2013\projects\scicompanion\scicompanionlib\release\generatescriptresource.obj
e:\documents\visual studio 2013\projects\scicompanion\scicompanionlib\release\decompilerspecialcases.obj
e:\documents\visual studio 2013\projects\scicompanion\scicompanionlib\release\kernelsignatures.obj
e:\documents\visual studio 2013\projects\scicompanion\scicompanionlib\release\decompilerconfig.obj
e:\documents\visual studio 2013\projects\scicompanion\scicompanionlib\release\scicompanionlib.pch
e:\documents\visual studio 2013\projects\scicompanion\scicompanionlib\release\stdafx.obj
e:\documents\visual studio 2013\projects\scicompanion\scicompanionlib\release\vc120.idb
e:\documents\visual studio 2013\projects\scicompanion\release\scicompanionlib.lib
e:\documents\visual studio 2013\projects\scicompanion\scicompanionlib\scicompanionlib.res
e:\documents\visual studio 2013\projects\scicompanion\scicompanionlib\release\scicompanionlib.tlog\cl.command.1.tlog
e:\documents\visual studio 2013\projects\scicompanion\scicompanionlib\release\scicompanionlib.tlog\cl.read.1.tlog
e:\documents\visual studio 2013\projects\scicompanion\scicompanionlib\release\scicompanionlib.tlog\cl.write.1.tlog
e:\documents\visual studio 2013\projects\scicompanion\scicompanionlib\release\scicompanionlib.tlog\lib-link.read.1.tlog
e:\documents\visual studio 2013\projects\scicompanion\scicompanionlib\release\scicompanionlib.tlog\lib-link.write.1.tlog
e:\documents\visual studio 2013\projects\scicompanion\scicompanionlib\release\scicompanionlib.tlog\lib.command.1.tlog
e:\documents\visual studio 2013\projects\scicompanion\scicompanionlib\release\scicompanionlib.tlog\rc.command.1.tlog
e:\documents\visual studio 2013\projects\scicompanion\scicompanionlib\release\scicompanionlib.tlog\rc.read.1.tlog
e:\documents\visual studio 2013\projects\scicompanion\scicompanionlib\release\scicompanionlib.tlog\rc.write.1.tlog
