Build started 5/5/2015 4:00:13 PM.
     1>Project "E:\Documents\Visual Studio 2013\Projects\SCICompanion\SCICompanionLib\SCICompanionLib.vcxproj" on node 2 (Build target(s)).
     1>ClCompile:
         F:\VisualStudio\VC\bin\CL.exe /c /I"E:\Documents\Visual Studio 2013\Projects\SCICompanion\SCICompanionLib\\" /I"E:\Documents\Visual Studio 2013\Projects\SCICompanion\SCICompanionLib\Src\Util" /I"E:\Documents\Visual Studio 2013\Projects\SCICompanion\SCICompanionLib\Src\Resources" /I"E:\Documents\Visual Studio 2013\Projects\SCICompanion\SCICompanionLib\Src\MFCViews" /I"E:\Documents\Visual Studio 2013\Projects\SCICompanion\SCICompanionLib\Src\MFCFrames" /I"E:\Documents\Visual Studio 2013\Projects\SCICompanion\SCICompanionLib\Src\MFCDocuments" /I"E:\Documents\Visual Studio 2013\Projects\SCICompanion\SCICompanionLib\Src\FrameComponents" /I"E:\Documents\Visual Studio 2013\Projects\SCICompanion\SCICompanionLib\Src\Dialogs" /I"E:\Documents\Visual Studio 2013\Projects\SCICompanion\SCICompanionLib\Src\CrystalEdit" /I"E:\Documents\Visual Studio 2013\Projects\SCICompanion\SCICompanionLib\Src\CRC32" /I"E:\Documents\Visual Studio 2013\Projects\SCICompanion\SCICompanionLib\Src\CppFormat" /I"E:\Documents\Visual Studio 2013\Projects\SCICompanion\SCICompanionLib\Src\Compile" /I"E:\Documents\Visual Studio 2013\Projects\SCICompanion\Prof-UIS.2.92\Include" /I"E:\Documents\Visual Studio 2013\Projects\SCICompanion\Prof-UIS.2.92\Src" /Zi /nologo /W3 /WX- /sdl /O2 /Oi /Oy- /GL /D WIN32 /D _WINDOWS /D NO_WARN_MBCS_MFC_DEPRECATION /D NDEBUG /D _USRDLL /D _MBCS /Gm- /EHsc /MT /GS /Gy /fp:precise /Zc:wchar_t /Zc:forScope /Yu"stdafx.h" /Fp"Release\SCICompanionLib.pch" /Fo"Release\\" /Fd"Release\vc120.pdb" /Gd /TP /analyze- /errorReport:prompt /Qpar Src\Compile\KernelSignatures.cpp
         KernelSignatures.cpp
       Lib:
         F:\VisualStudio\VC\bin\Lib.exe /OUT:"E:\Documents\Visual Studio 2013\Projects\SCICompanion\Release\SCICompanionLib.lib" /NOLOGO /LTCG /VERBOSE Release\AutoDetectVariableNames.obj
         Release\ControlFlowNode.obj
         Release\ControlFlowGraphViz.obj
         Release\DecompilerFallback.obj
         Release\DecompilerNew.obj
         Release\DecompilerSpecialCases.obj
         Release\DecompileScript.obj
         Release\DisassembleHelper.obj
         Release\Disassembler.obj
         Release\ControlFlowGraph.obj
         Release\GenerateScriptResource.obj
         Release\KernelSignatures.obj
         Release\OutputCodeHelper.obj
         Release\OutputCppSourceCode.obj
         Release\OutputSCISourceCode.obj
         Release\OutputSCIStudioSourceCode.obj
         Release\SummarizeScript.obj
         Release\TarjanAlgorithm.obj
         Release\BitmapToVGADialog.obj
         Release\ChooseColorDialogVGA.obj
         Release\DecompileDialog.obj
         Release\ExtractAllDialog.obj
         Release\PaletteEditorDialog.obj
         Release\PrepareBitmapBase.obj
         Release\PicHelperPane.obj
         Release\ZoomCelStatic.obj
         Release\PaletteDoc.obj
         Release\PaletteChildFrame.obj
         Release\PaletteView.obj
         Release\Audio.obj
         Release\Font.obj
         Release\AudioMap.obj
         Release\GameFolderHelper.obj
         Release\Pic.obj
         Release\ResourceMapOperations.obj
         Release\ResourceSources.obj
         Release\Message.obj
         Release\GameVersionDialog.obj
         Release\PaletteOperations.obj
         Release\SoundOperations.obj
         Release\VersionDetectionHelper.obj
         Release\View.obj
         Release\AudioPlayback.obj
         Release\CodecAlt.obj
         Release\Sound.obj
         Release\SCICompanionLib.obj
         Release\PicOperations.obj
         "Release\CodecDCL-freesci.obj"
         Release\CodecDCL.obj
         Release\ColorQuantization.obj
         Release\ExtractAll.obj
         Release\ImageUtil.obj
         Release\MidiPlayer.obj
         Release\SoundUtil.obj
         Release\Compile.obj
         Release\CompileContext.obj
         Release\CompiledScript.obj
         Release\CPPSyntaxParser.obj
         Release\CPPTokenizer.obj
         Release\DecompilerCore.obj
         Release\Kernels.obj
         Release\ParserCommon.obj
         Release\PMachine.obj
         Release\scii.obj
         Release\SCIStudioSyntaxParser.obj
         Release\SCO.obj
         Release\ScriptDebug.obj
         Release\ScriptOM.obj
         Release\ScriptOMTraverse.obj
         Release\SyntaxParser.obj
         Release\Types.obj
         Release\format.obj
         Release\crc.obj
         Release\CCrystalEditView.obj
         Release\CCrystalTextBuffer.obj
         Release\CCrystalTextView.obj
         Release\CCrystalTextView2.obj
         Release\CEditReplaceDlg.obj
         Release\CFindTextDlg.obj
         Release\AnimateDialog.obj
         Release\BarContainerDialog.obj
         Release\BaseColorDialog.obj
         Release\BitmapToPicDialog.obj
         Release\ChooseColorAdvancedDialog.obj
         Release\ChooseColorDialog.obj
         Release\ChoosePenStyleDialog.obj
         Release\ChoosePriConDialog.obj
         Release\ClassBrowserDialog.obj
         Release\DontShowAgainDialog.obj
         Release\FindAllDialog.obj
         Release\FindWordDialog.obj
         Release\GamePropertiesDialog.obj
         Release\GotoDialog.obj
         Release\InsertObject.obj
         Release\NewCompileDialog.obj
         Release\NewGameDialog.obj
         Release\NewRoomDialog.obj
         Release\NewScriptDialog.obj
         Release\PaletteDefinitionDialog.obj
         Release\PreferencesDialog.obj
         Release\RemoveScriptDialog.obj
         Release\SamplesDialogBar.obj
         Release\SaveResourceDialog.obj
         Release\SCIFontDialog.obj
         Release\SCIPropertyCtrl.obj
         Release\SCIPropertyInfo.obj
         Release\SCIProps.obj
         Release\VisualScriptDialog.obj
         Release\VocabAutoCompleteDialog.obj
         Release\ChooseColorStatic.obj
         Release\CodeToolTips.obj
         Release\ColorButton.obj
         Release\ColoredToolTip.obj
         Release\ExtControlBarNoX.obj
         Release\ExtDialogFwdCmd.obj
         Release\IntellisenseListBox.obj
         Release\MDITabsDialogBar.obj
         Release\NoFlickerStatic.obj
         Release\OutputPane.obj
         Release\PicCommandSidePane.obj
         Release\QuickScripts.obj
         Release\RasterSidePane.obj
         Release\ResourceListView.obj
         Release\ResourcePicListView.obj
         Release\ResourcePreviewer.obj
         Release\ScriptComboBox.obj
         Release\SliderDialogBar.obj
         Release\SoundToolboxSidePane.obj
         Release\ViewCelChooser.obj
         Release\VPCDialogBar.obj
         Release\NewRasterResourceDocument.obj
         Release\NonViewHostDocument.obj
         Release\PicDoc.obj
         Release\ResourceDocument.obj
         Release\ResourceListDoc.obj
         Release\RoomExplorerDoc.obj
         Release\ScriptDocument.obj
         Release\SoundDoc.obj
         Release\TextDoc.obj
         Release\VocabDoc.obj
         Release\CursorChildFrame.obj
         Release\FontChildFrame.obj
         Release\MainFrm.obj
         Release\MDITabChildWnd.obj
         Release\PicChildFrame.obj
         Release\GameExplorerFrame.obj
         Release\RoomExplorerFrame.obj
         Release\ScriptFrame.obj
         Release\SoundChildFrame.obj
         Release\TextChildFrame.obj
         Release\ViewChildFrame.obj
         Release\VocabChildFrame.obj
         Release\FontPreviewView.obj
         Release\PicView.obj
         Release\RasterResourceListView.obj
         Release\RasterView.obj
         Release\GameExplorerView.obj
         Release\RoomExplorerView.obj
         Release\ScriptView.obj
         Release\SoundView.obj
         Release\TextView.obj
         Release\VocabView.obj
         Release\Components.obj
         Release\Cursor.obj
         Release\FontOperations.obj
         Release\PicCommands.obj
         Release\PicDrawManager.obj
         Release\RasterOperations.obj
         Release\ResourceUtil.obj
         Release\ResourceContainer.obj
         Release\ResourceBlob.obj
         Release\ResourceEntity.obj
         Release\ResourceMap.obj
         Release\ResourceRecency.obj
         Release\ResourceTypeList.obj
         Release\Vocab000.obj
         Release\Vocab99x.obj
         Release\AppState.obj
         Release\ClassBrowser.obj
         Release\ClassBrowserInfo.obj
         Release\CodeAutoComplete.obj
         Release\Codec.obj
         Release\CrystalScriptStream.obj
         Release\DrawHelper.obj
         Release\SCIDocs.obj
         Release\Stream.obj
         Release\util.obj
         Release\Version.obj
         Release\WordEnumString.obj
         Release\stdafx.obj
         Release\Text.obj
     1>C:\Program Files (x86)\MSBuild\Microsoft.Cpp\v4.0\V120\Microsoft.CppCommon.targets(1000,5): error MSB6006: "Lib.exe" exited with code -1073741510.
     1>Done Building Project "E:\Documents\Visual Studio 2013\Projects\SCICompanion\SCICompanionLib\SCICompanionLib.vcxproj" (Build target(s)) -- FAILED.

Build FAILED.

Time Elapsed 00:00:02.68
